[2022-07-11 11:51:12,127] {taskinstance.py:1032} INFO - Dependencies all met for <TaskInstance: data_ingestion_gcs_dag.local_to_gcs_task scheduled__2022-07-10T00:00:00+00:00 [queued]>
[2022-07-11 11:51:12,146] {taskinstance.py:1032} INFO - Dependencies all met for <TaskInstance: data_ingestion_gcs_dag.local_to_gcs_task scheduled__2022-07-10T00:00:00+00:00 [queued]>
[2022-07-11 11:51:12,146] {taskinstance.py:1238} INFO - 
--------------------------------------------------------------------------------
[2022-07-11 11:51:12,146] {taskinstance.py:1239} INFO - Starting attempt 1 of 2
[2022-07-11 11:51:12,147] {taskinstance.py:1240} INFO - 
--------------------------------------------------------------------------------
[2022-07-11 11:51:12,166] {taskinstance.py:1259} INFO - Executing <Task(PythonOperator): local_to_gcs_task> on 2022-07-10 00:00:00+00:00
[2022-07-11 11:51:12,173] {standard_task_runner.py:52} INFO - Started process 914 to run task
[2022-07-11 11:51:12,182] {standard_task_runner.py:76} INFO - Running: ['***', 'tasks', 'run', 'data_ingestion_gcs_dag', 'local_to_gcs_task', 'scheduled__2022-07-10T00:00:00+00:00', '--job-id', '4', '--raw', '--subdir', 'DAGS_FOLDER/data_ingestion_to_gcs_dag.py', '--cfg-path', '/tmp/tmpn1ds6q7d', '--error-file', '/tmp/tmpzdrdq6zo']
[2022-07-11 11:51:12,183] {standard_task_runner.py:77} INFO - Job 4: Subtask local_to_gcs_task
[2022-07-11 11:51:12,278] {logging_mixin.py:109} INFO - Running <TaskInstance: data_ingestion_gcs_dag.local_to_gcs_task scheduled__2022-07-10T00:00:00+00:00 [running]> on host 507aac0e66bb
[2022-07-11 11:51:12,378] {taskinstance.py:1426} INFO - Exporting the following env vars:
AIRFLOW_CTX_DAG_OWNER=***
AIRFLOW_CTX_DAG_ID=data_ingestion_gcs_dag
AIRFLOW_CTX_TASK_ID=local_to_gcs_task
AIRFLOW_CTX_EXECUTION_DATE=2022-07-10T00:00:00+00:00
AIRFLOW_CTX_DAG_RUN_ID=scheduled__2022-07-10T00:00:00+00:00
[2022-07-11 11:51:12,944] {python.py:175} INFO - Done. Returned value was: None
[2022-07-11 11:51:12,965] {taskinstance.py:1277} INFO - Marking task as SUCCESS. dag_id=data_ingestion_gcs_dag, task_id=local_to_gcs_task, execution_date=20220710T000000, start_date=20220711T115112, end_date=20220711T115112
[2022-07-11 11:51:13,032] {local_task_job.py:154} INFO - Task exited with return code 0
[2022-07-11 11:51:13,095] {local_task_job.py:264} INFO - 1 downstream tasks scheduled from follow-on schedule check
[2022-07-11 13:46:45,186] {taskinstance.py:1032} INFO - Dependencies all met for <TaskInstance: data_ingestion_gcs_dag.local_to_gcs_task scheduled__2022-07-10T00:00:00+00:00 [queued]>
[2022-07-11 13:46:45,198] {taskinstance.py:1032} INFO - Dependencies all met for <TaskInstance: data_ingestion_gcs_dag.local_to_gcs_task scheduled__2022-07-10T00:00:00+00:00 [queued]>
[2022-07-11 13:46:45,198] {taskinstance.py:1238} INFO - 
--------------------------------------------------------------------------------
[2022-07-11 13:46:45,198] {taskinstance.py:1239} INFO - Starting attempt 1 of 2
[2022-07-11 13:46:45,198] {taskinstance.py:1240} INFO - 
--------------------------------------------------------------------------------
[2022-07-11 13:46:45,214] {taskinstance.py:1259} INFO - Executing <Task(PythonOperator): local_to_gcs_task> on 2022-07-10 00:00:00+00:00
[2022-07-11 13:46:45,219] {standard_task_runner.py:52} INFO - Started process 1553 to run task
[2022-07-11 13:46:45,223] {standard_task_runner.py:76} INFO - Running: ['***', 'tasks', 'run', 'data_ingestion_gcs_dag', 'local_to_gcs_task', 'scheduled__2022-07-10T00:00:00+00:00', '--job-id', '3', '--raw', '--subdir', 'DAGS_FOLDER/data_ingestion_to_gcs_dag.py', '--cfg-path', '/tmp/tmpsbjb83sz', '--error-file', '/tmp/tmpdbwujdlv']
[2022-07-11 13:46:45,224] {standard_task_runner.py:77} INFO - Job 3: Subtask local_to_gcs_task
[2022-07-11 13:46:45,284] {logging_mixin.py:109} INFO - Running <TaskInstance: data_ingestion_gcs_dag.local_to_gcs_task scheduled__2022-07-10T00:00:00+00:00 [running]> on host 4f99e11ef430
[2022-07-11 13:46:45,337] {taskinstance.py:1426} INFO - Exporting the following env vars:
AIRFLOW_CTX_DAG_OWNER=***
AIRFLOW_CTX_DAG_ID=data_ingestion_gcs_dag
AIRFLOW_CTX_TASK_ID=local_to_gcs_task
AIRFLOW_CTX_EXECUTION_DATE=2022-07-10T00:00:00+00:00
AIRFLOW_CTX_DAG_RUN_ID=scheduled__2022-07-10T00:00:00+00:00
[2022-07-11 13:46:48,197] {python.py:175} INFO - Done. Returned value was: None
[2022-07-11 13:46:48,210] {taskinstance.py:1277} INFO - Marking task as SUCCESS. dag_id=data_ingestion_gcs_dag, task_id=local_to_gcs_task, execution_date=20220710T000000, start_date=20220711T134645, end_date=20220711T134648
[2022-07-11 13:46:48,252] {local_task_job.py:154} INFO - Task exited with return code 0
[2022-07-11 13:46:48,287] {local_task_job.py:264} INFO - 1 downstream tasks scheduled from follow-on schedule check
