[2022-07-12 09:17:26,614] {taskinstance.py:1032} INFO - Dependencies all met for <TaskInstance: data_ingestion_local.ingest manual__2022-07-12T09:17:24.748154+00:00 [queued]>
[2022-07-12 09:17:26,630] {taskinstance.py:1032} INFO - Dependencies all met for <TaskInstance: data_ingestion_local.ingest manual__2022-07-12T09:17:24.748154+00:00 [queued]>
[2022-07-12 09:17:26,630] {taskinstance.py:1238} INFO - 
--------------------------------------------------------------------------------
[2022-07-12 09:17:26,630] {taskinstance.py:1239} INFO - Starting attempt 1 of 2
[2022-07-12 09:17:26,630] {taskinstance.py:1240} INFO - 
--------------------------------------------------------------------------------
[2022-07-12 09:17:26,664] {taskinstance.py:1259} INFO - Executing <Task(BashOperator): ingest> on 2022-07-12 09:17:24.748154+00:00
[2022-07-12 09:17:26,668] {standard_task_runner.py:52} INFO - Started process 1720 to run task
[2022-07-12 09:17:26,676] {standard_task_runner.py:76} INFO - Running: ['***', 'tasks', 'run', 'data_ingestion_local', 'ingest', 'manual__2022-07-12T09:17:24.748154+00:00', '--job-id', '7', '--raw', '--subdir', 'DAGS_FOLDER/data_ingestion_local_dag.py', '--cfg-path', '/tmp/tmpuza564jf', '--error-file', '/tmp/tmpjgxqlzym']
[2022-07-12 09:17:26,677] {standard_task_runner.py:77} INFO - Job 7: Subtask ingest
[2022-07-12 09:17:26,843] {logging_mixin.py:109} INFO - Running <TaskInstance: data_ingestion_local.ingest manual__2022-07-12T09:17:24.748154+00:00 [running]> on host aff450fe4e0f
[2022-07-12 09:17:26,985] {taskinstance.py:1426} INFO - Exporting the following env vars:
AIRFLOW_CTX_DAG_OWNER=***
AIRFLOW_CTX_DAG_ID=data_ingestion_local
AIRFLOW_CTX_TASK_ID=ingest
AIRFLOW_CTX_EXECUTION_DATE=2022-07-12T09:17:24.748154+00:00
AIRFLOW_CTX_DAG_RUN_ID=manual__2022-07-12T09:17:24.748154+00:00
[2022-07-12 09:17:26,986] {subprocess.py:62} INFO - Tmp dir root location: 
 /tmp
[2022-07-12 09:17:26,987] {subprocess.py:74} INFO - Running command: ['bash', '-c', 'echo "This is the ingestion task"']
[2022-07-12 09:17:26,999] {subprocess.py:85} INFO - Output:
[2022-07-12 09:17:27,002] {subprocess.py:89} INFO - This is the ingestion task
[2022-07-12 09:17:27,003] {subprocess.py:93} INFO - Command exited with return code 0
[2022-07-12 09:17:27,046] {taskinstance.py:1277} INFO - Marking task as SUCCESS. dag_id=data_ingestion_local, task_id=ingest, execution_date=20220712T091724, start_date=20220712T091726, end_date=20220712T091727
[2022-07-12 09:17:27,104] {local_task_job.py:154} INFO - Task exited with return code 0
[2022-07-12 09:17:27,155] {local_task_job.py:264} INFO - 0 downstream tasks scheduled from follow-on schedule check
