[2022-07-12 10:38:14,421] {taskinstance.py:1032} INFO - Dependencies all met for <TaskInstance: data_ingestion_local.ingest_data manual__2022-07-12T10:33:10.833527+00:00 [queued]>
[2022-07-12 10:38:14,433] {taskinstance.py:1032} INFO - Dependencies all met for <TaskInstance: data_ingestion_local.ingest_data manual__2022-07-12T10:33:10.833527+00:00 [queued]>
[2022-07-12 10:38:14,434] {taskinstance.py:1238} INFO - 
--------------------------------------------------------------------------------
[2022-07-12 10:38:14,434] {taskinstance.py:1239} INFO - Starting attempt 1 of 2
[2022-07-12 10:38:14,434] {taskinstance.py:1240} INFO - 
--------------------------------------------------------------------------------
[2022-07-12 10:38:14,445] {taskinstance.py:1259} INFO - Executing <Task(BashOperator): ingest_data> on 2022-07-12 10:33:10.833527+00:00
[2022-07-12 10:38:14,450] {standard_task_runner.py:52} INFO - Started process 5834 to run task
[2022-07-12 10:38:14,453] {standard_task_runner.py:76} INFO - Running: ['***', 'tasks', 'run', 'data_ingestion_local', 'ingest_data', 'manual__2022-07-12T10:33:10.833527+00:00', '--job-id', '20', '--raw', '--subdir', 'DAGS_FOLDER/data_ingestion_local_dag.py', '--cfg-path', '/tmp/tmppfl3n5s6', '--error-file', '/tmp/tmpboy7jron']
[2022-07-12 10:38:14,454] {standard_task_runner.py:77} INFO - Job 20: Subtask ingest_data
[2022-07-12 10:38:14,513] {logging_mixin.py:109} INFO - Running <TaskInstance: data_ingestion_local.ingest_data manual__2022-07-12T10:33:10.833527+00:00 [running]> on host aff450fe4e0f
[2022-07-12 10:38:14,575] {taskinstance.py:1426} INFO - Exporting the following env vars:
AIRFLOW_CTX_DAG_OWNER=***
AIRFLOW_CTX_DAG_ID=data_ingestion_local
AIRFLOW_CTX_TASK_ID=ingest_data
AIRFLOW_CTX_EXECUTION_DATE=2022-07-12T10:33:10.833527+00:00
AIRFLOW_CTX_DAG_RUN_ID=manual__2022-07-12T10:33:10.833527+00:00
[2022-07-12 10:38:14,576] {subprocess.py:62} INFO - Tmp dir root location: 
 /tmp
[2022-07-12 10:38:14,577] {subprocess.py:74} INFO - Running command: ['bash', '-c', 'echo "This is the ingestion task"']
[2022-07-12 10:38:14,587] {subprocess.py:85} INFO - Output:
[2022-07-12 10:38:14,589] {subprocess.py:89} INFO - This is the ingestion task
[2022-07-12 10:38:14,589] {subprocess.py:93} INFO - Command exited with return code 0
[2022-07-12 10:38:14,615] {taskinstance.py:1277} INFO - Marking task as SUCCESS. dag_id=data_ingestion_local, task_id=ingest_data, execution_date=20220712T103310, start_date=20220712T103814, end_date=20220712T103814
[2022-07-12 10:38:14,665] {local_task_job.py:154} INFO - Task exited with return code 0
[2022-07-12 10:38:14,696] {local_task_job.py:264} INFO - 0 downstream tasks scheduled from follow-on schedule check
