[2022-07-11 11:51:15,170] {taskinstance.py:1032} INFO - Dependencies all met for <TaskInstance: data_ingestion_gcs_dag.bigquery_external_table_task scheduled__2022-07-10T00:00:00+00:00 [queued]>
[2022-07-11 11:51:15,182] {taskinstance.py:1032} INFO - Dependencies all met for <TaskInstance: data_ingestion_gcs_dag.bigquery_external_table_task scheduled__2022-07-10T00:00:00+00:00 [queued]>
[2022-07-11 11:51:15,182] {taskinstance.py:1238} INFO - 
--------------------------------------------------------------------------------
[2022-07-11 11:51:15,182] {taskinstance.py:1239} INFO - Starting attempt 1 of 2
[2022-07-11 11:51:15,182] {taskinstance.py:1240} INFO - 
--------------------------------------------------------------------------------
[2022-07-11 11:51:15,194] {taskinstance.py:1259} INFO - Executing <Task(BigQueryCreateExternalTableOperator): bigquery_external_table_task> on 2022-07-10 00:00:00+00:00
[2022-07-11 11:51:15,199] {standard_task_runner.py:52} INFO - Started process 964 to run task
[2022-07-11 11:51:15,202] {standard_task_runner.py:76} INFO - Running: ['***', 'tasks', 'run', 'data_ingestion_gcs_dag', 'bigquery_external_table_task', 'scheduled__2022-07-10T00:00:00+00:00', '--job-id', '5', '--raw', '--subdir', 'DAGS_FOLDER/data_ingestion_to_gcs_dag.py', '--cfg-path', '/tmp/tmpbpq5gte7', '--error-file', '/tmp/tmpqrrw5e8m']
[2022-07-11 11:51:15,203] {standard_task_runner.py:77} INFO - Job 5: Subtask bigquery_external_table_task
[2022-07-11 11:51:15,263] {logging_mixin.py:109} INFO - Running <TaskInstance: data_ingestion_gcs_dag.bigquery_external_table_task scheduled__2022-07-10T00:00:00+00:00 [running]> on host 507aac0e66bb
[2022-07-11 11:51:15,317] {taskinstance.py:1426} INFO - Exporting the following env vars:
AIRFLOW_CTX_DAG_OWNER=***
AIRFLOW_CTX_DAG_ID=data_ingestion_gcs_dag
AIRFLOW_CTX_TASK_ID=bigquery_external_table_task
AIRFLOW_CTX_EXECUTION_DATE=2022-07-10T00:00:00+00:00
AIRFLOW_CTX_DAG_RUN_ID=scheduled__2022-07-10T00:00:00+00:00
[2022-07-11 11:51:15,318] {crypto.py:82} WARNING - empty cryptography key - values will not be stored encrypted.
[2022-07-11 11:51:16,022] {taskinstance.py:1277} INFO - Marking task as SUCCESS. dag_id=data_ingestion_gcs_dag, task_id=bigquery_external_table_task, execution_date=20220710T000000, start_date=20220711T115115, end_date=20220711T115116
[2022-07-11 11:51:16,056] {local_task_job.py:154} INFO - Task exited with return code 0
[2022-07-11 11:51:16,088] {local_task_job.py:264} INFO - 0 downstream tasks scheduled from follow-on schedule check
[2022-07-11 13:46:50,003] {taskinstance.py:1032} INFO - Dependencies all met for <TaskInstance: data_ingestion_gcs_dag.bigquery_external_table_task scheduled__2022-07-10T00:00:00+00:00 [queued]>
[2022-07-11 13:46:50,016] {taskinstance.py:1032} INFO - Dependencies all met for <TaskInstance: data_ingestion_gcs_dag.bigquery_external_table_task scheduled__2022-07-10T00:00:00+00:00 [queued]>
[2022-07-11 13:46:50,017] {taskinstance.py:1238} INFO - 
--------------------------------------------------------------------------------
[2022-07-11 13:46:50,017] {taskinstance.py:1239} INFO - Starting attempt 1 of 2
[2022-07-11 13:46:50,017] {taskinstance.py:1240} INFO - 
--------------------------------------------------------------------------------
[2022-07-11 13:46:50,036] {taskinstance.py:1259} INFO - Executing <Task(BigQueryCreateExternalTableOperator): bigquery_external_table_task> on 2022-07-10 00:00:00+00:00
[2022-07-11 13:46:50,042] {standard_task_runner.py:52} INFO - Started process 1577 to run task
[2022-07-11 13:46:50,046] {standard_task_runner.py:76} INFO - Running: ['***', 'tasks', 'run', 'data_ingestion_gcs_dag', 'bigquery_external_table_task', 'scheduled__2022-07-10T00:00:00+00:00', '--job-id', '4', '--raw', '--subdir', 'DAGS_FOLDER/data_ingestion_to_gcs_dag.py', '--cfg-path', '/tmp/tmph8kw8jo3', '--error-file', '/tmp/tmpk0pemn3f']
[2022-07-11 13:46:50,047] {standard_task_runner.py:77} INFO - Job 4: Subtask bigquery_external_table_task
[2022-07-11 13:46:50,107] {logging_mixin.py:109} INFO - Running <TaskInstance: data_ingestion_gcs_dag.bigquery_external_table_task scheduled__2022-07-10T00:00:00+00:00 [running]> on host 4f99e11ef430
[2022-07-11 13:46:50,169] {taskinstance.py:1426} INFO - Exporting the following env vars:
AIRFLOW_CTX_DAG_OWNER=***
AIRFLOW_CTX_DAG_ID=data_ingestion_gcs_dag
AIRFLOW_CTX_TASK_ID=bigquery_external_table_task
AIRFLOW_CTX_EXECUTION_DATE=2022-07-10T00:00:00+00:00
AIRFLOW_CTX_DAG_RUN_ID=scheduled__2022-07-10T00:00:00+00:00
[2022-07-11 13:46:50,171] {crypto.py:82} WARNING - empty cryptography key - values will not be stored encrypted.
[2022-07-11 13:46:51,279] {taskinstance.py:1277} INFO - Marking task as SUCCESS. dag_id=data_ingestion_gcs_dag, task_id=bigquery_external_table_task, execution_date=20220710T000000, start_date=20220711T134650, end_date=20220711T134651
[2022-07-11 13:46:51,302] {local_task_job.py:154} INFO - Task exited with return code 0
[2022-07-11 13:46:51,333] {local_task_job.py:264} INFO - 0 downstream tasks scheduled from follow-on schedule check
