[2022-07-12 20:13:29,120] {taskinstance.py:1179} INFO - Dependencies all met for <TaskInstance: data_ingestion_local.convert_to_csv manual__2022-07-12T20:13:27.028144+00:00 [queued]>
[2022-07-12 20:13:29,166] {taskinstance.py:1179} INFO - Dependencies all met for <TaskInstance: data_ingestion_local.convert_to_csv manual__2022-07-12T20:13:27.028144+00:00 [queued]>
[2022-07-12 20:13:29,167] {taskinstance.py:1376} INFO - 
--------------------------------------------------------------------------------
[2022-07-12 20:13:29,167] {taskinstance.py:1377} INFO - Starting attempt 1 of 2
[2022-07-12 20:13:29,167] {taskinstance.py:1378} INFO - 
--------------------------------------------------------------------------------
[2022-07-12 20:13:29,236] {taskinstance.py:1397} INFO - Executing <Task(PythonOperator): convert_to_csv> on 2022-07-12 20:13:27.028144+00:00
[2022-07-12 20:13:29,246] {standard_task_runner.py:52} INFO - Started process 492 to run task
[2022-07-12 20:13:29,263] {standard_task_runner.py:79} INFO - Running: ['airflow', 'tasks', 'run', 'data_ingestion_local', 'convert_to_csv', 'manual__2022-07-12T20:13:27.028144+00:00', '--job-id', '24', '--raw', '--subdir', 'DAGS_FOLDER/data_ingestion_local_dag.py', '--cfg-path', '/tmp/tmp3iao4m9n', '--error-file', '/tmp/tmpotmawril']
[2022-07-12 20:13:29,269] {standard_task_runner.py:80} INFO - Job 24: Subtask convert_to_csv
[2022-07-12 20:13:29,434] {task_command.py:371} INFO - Running <TaskInstance: data_ingestion_local.convert_to_csv manual__2022-07-12T20:13:27.028144+00:00 [running]> on host 139e0ae5bdf5
[2022-07-12 20:13:29,515] {logging_mixin.py:115} WARNING - /home/airflow/.local/lib/python3.7/site-packages/airflow/utils/context.py:202 AirflowContextDeprecationWarning: Accessing 'execution_date' from the template is deprecated and will be removed in a future version. Please use 'data_interval_start' or 'logical_date' instead.
[2022-07-12 20:13:29,586] {taskinstance.py:1591} INFO - Exporting the following env vars:
AIRFLOW_CTX_DAG_OWNER=airflow
AIRFLOW_CTX_DAG_ID=data_ingestion_local
AIRFLOW_CTX_TASK_ID=convert_to_csv
AIRFLOW_CTX_EXECUTION_DATE=2022-07-12T20:13:27.028144+00:00
AIRFLOW_CTX_TRY_NUMBER=1
AIRFLOW_CTX_DAG_RUN_ID=manual__2022-07-12T20:13:27.028144+00:00
[2022-07-12 20:13:53,698] {logging_mixin.py:115} INFO - creating new csv file /opt/airflow/output_2022-04.csv
[2022-07-12 20:14:39,003] {python.py:173} INFO - Done. Returned value was: None
[2022-07-12 20:14:39,068] {taskinstance.py:1420} INFO - Marking task as SUCCESS. dag_id=data_ingestion_local, task_id=convert_to_csv, execution_date=20220712T201327, start_date=20220712T201329, end_date=20220712T201439
[2022-07-12 20:14:39,212] {local_task_job.py:156} INFO - Task exited with return code 0
[2022-07-12 20:14:39,311] {local_task_job.py:273} INFO - 0 downstream tasks scheduled from follow-on schedule check
