[2022-07-11 13:58:03,926] {taskinstance.py:1032} INFO - Dependencies all met for <TaskInstance: data_ingestion_gcs_dag.bigquery_external_table_task manual__2022-07-11T13:57:43.176498+00:00 [queued]>
[2022-07-11 13:58:03,952] {taskinstance.py:1032} INFO - Dependencies all met for <TaskInstance: data_ingestion_gcs_dag.bigquery_external_table_task manual__2022-07-11T13:57:43.176498+00:00 [queued]>
[2022-07-11 13:58:03,952] {taskinstance.py:1238} INFO - 
--------------------------------------------------------------------------------
[2022-07-11 13:58:03,952] {taskinstance.py:1239} INFO - Starting attempt 1 of 2
[2022-07-11 13:58:03,952] {taskinstance.py:1240} INFO - 
--------------------------------------------------------------------------------
[2022-07-11 13:58:03,981] {taskinstance.py:1259} INFO - Executing <Task(BigQueryCreateExternalTableOperator): bigquery_external_table_task> on 2022-07-11 13:57:43.176498+00:00
[2022-07-11 13:58:03,988] {standard_task_runner.py:52} INFO - Started process 5792 to run task
[2022-07-11 13:58:03,996] {standard_task_runner.py:76} INFO - Running: ['***', 'tasks', 'run', 'data_ingestion_gcs_dag', 'bigquery_external_table_task', 'manual__2022-07-11T13:57:43.176498+00:00', '--job-id', '10', '--raw', '--subdir', 'DAGS_FOLDER/data_ingestion_to_gcs_dag.py', '--cfg-path', '/tmp/tmp6opw7whg', '--error-file', '/tmp/tmp45vl4c7o']
[2022-07-11 13:58:03,998] {standard_task_runner.py:77} INFO - Job 10: Subtask bigquery_external_table_task
[2022-07-11 13:58:04,123] {logging_mixin.py:109} INFO - Running <TaskInstance: data_ingestion_gcs_dag.bigquery_external_table_task manual__2022-07-11T13:57:43.176498+00:00 [running]> on host 4f99e11ef430
[2022-07-11 13:58:04,241] {taskinstance.py:1426} INFO - Exporting the following env vars:
AIRFLOW_CTX_DAG_OWNER=***
AIRFLOW_CTX_DAG_ID=data_ingestion_gcs_dag
AIRFLOW_CTX_TASK_ID=bigquery_external_table_task
AIRFLOW_CTX_EXECUTION_DATE=2022-07-11T13:57:43.176498+00:00
AIRFLOW_CTX_DAG_RUN_ID=manual__2022-07-11T13:57:43.176498+00:00
[2022-07-11 13:58:04,247] {crypto.py:82} WARNING - empty cryptography key - values will not be stored encrypted.
[2022-07-11 13:58:05,103] {taskinstance.py:1277} INFO - Marking task as SUCCESS. dag_id=data_ingestion_gcs_dag, task_id=bigquery_external_table_task, execution_date=20220711T135743, start_date=20220711T135803, end_date=20220711T135805
[2022-07-11 13:58:05,153] {local_task_job.py:154} INFO - Task exited with return code 0
[2022-07-11 13:58:05,244] {local_task_job.py:264} INFO - 0 downstream tasks scheduled from follow-on schedule check
