[2022-07-12 17:13:30,434] {taskinstance.py:1179} INFO - Dependencies all met for <TaskInstance: data_ingestion_local.ingest_data manual__2022-07-12T17:13:12.925175+00:00 [queued]>
[2022-07-12 17:13:30,458] {taskinstance.py:1179} INFO - Dependencies all met for <TaskInstance: data_ingestion_local.ingest_data manual__2022-07-12T17:13:12.925175+00:00 [queued]>
[2022-07-12 17:13:30,459] {taskinstance.py:1376} INFO - 
--------------------------------------------------------------------------------
[2022-07-12 17:13:30,460] {taskinstance.py:1377} INFO - Starting attempt 1 of 2
[2022-07-12 17:13:30,461] {taskinstance.py:1378} INFO - 
--------------------------------------------------------------------------------
[2022-07-12 17:13:30,494] {taskinstance.py:1397} INFO - Executing <Task(PythonOperator): ingest_data> on 2022-07-12 17:13:12.925175+00:00
[2022-07-12 17:13:30,508] {standard_task_runner.py:52} INFO - Started process 577 to run task
[2022-07-12 17:13:30,511] {standard_task_runner.py:79} INFO - Running: ['airflow', 'tasks', 'run', 'data_ingestion_local', 'ingest_data', 'manual__2022-07-12T17:13:12.925175+00:00', '--job-id', '5', '--raw', '--subdir', 'DAGS_FOLDER/data_ingestion_local_dag.py', '--cfg-path', '/tmp/tmpx2e_bhoe', '--error-file', '/tmp/tmpal071csv']
[2022-07-12 17:13:30,515] {standard_task_runner.py:80} INFO - Job 5: Subtask ingest_data
[2022-07-12 17:13:30,673] {task_command.py:371} INFO - Running <TaskInstance: data_ingestion_local.ingest_data manual__2022-07-12T17:13:12.925175+00:00 [running]> on host f998a36d2c1c
[2022-07-12 17:13:30,813] {logging_mixin.py:115} WARNING - /home/airflow/.local/lib/python3.7/site-packages/airflow/utils/context.py:202 AirflowContextDeprecationWarning: Accessing 'execution_date' from the template is deprecated and will be removed in a future version. Please use 'data_interval_start' or 'logical_date' instead.
[2022-07-12 17:13:30,929] {taskinstance.py:1591} INFO - Exporting the following env vars:
AIRFLOW_CTX_DAG_OWNER=airflow
AIRFLOW_CTX_DAG_ID=data_ingestion_local
AIRFLOW_CTX_TASK_ID=ingest_data
AIRFLOW_CTX_EXECUTION_DATE=2022-07-12T17:13:12.925175+00:00
AIRFLOW_CTX_TRY_NUMBER=1
AIRFLOW_CTX_DAG_RUN_ID=manual__2022-07-12T17:13:12.925175+00:00
[2022-07-12 17:13:30,932] {logging_mixin.py:115} INFO - *** *** pgdatabase 5432 ny_taxi yellow_taxi_2022_04.parquet /opt/airflow/output_2022-04.parquet
[2022-07-12 17:13:30,932] {logging_mixin.py:115} INFO - user is ***
[2022-07-12 17:13:33,727] {logging_mixin.py:115} INFO - yellow_taxi_2022_04.parquet /opt/airflow/output_2022-04.parquet
