[2022-07-12 17:23:55,114] {taskinstance.py:1179} INFO - Dependencies all met for <TaskInstance: data_ingestion_local.ingest_data manual__2022-07-12T17:13:12.925175+00:00 [queued]>
[2022-07-12 17:23:55,126] {taskinstance.py:1179} INFO - Dependencies all met for <TaskInstance: data_ingestion_local.ingest_data manual__2022-07-12T17:13:12.925175+00:00 [queued]>
[2022-07-12 17:23:55,126] {taskinstance.py:1376} INFO - 
--------------------------------------------------------------------------------
[2022-07-12 17:23:55,126] {taskinstance.py:1377} INFO - Starting attempt 2 of 2
[2022-07-12 17:23:55,126] {taskinstance.py:1378} INFO - 
--------------------------------------------------------------------------------
[2022-07-12 17:23:55,143] {taskinstance.py:1397} INFO - Executing <Task(PythonOperator): ingest_data> on 2022-07-12 17:13:12.925175+00:00
[2022-07-12 17:23:55,148] {standard_task_runner.py:52} INFO - Started process 724 to run task
[2022-07-12 17:23:55,152] {standard_task_runner.py:79} INFO - Running: ['airflow', 'tasks', 'run', 'data_ingestion_local', 'ingest_data', 'manual__2022-07-12T17:13:12.925175+00:00', '--job-id', '7', '--raw', '--subdir', 'DAGS_FOLDER/data_ingestion_local_dag.py', '--cfg-path', '/tmp/tmp086_53re', '--error-file', '/tmp/tmpr7fwoh15']
[2022-07-12 17:23:55,153] {standard_task_runner.py:80} INFO - Job 7: Subtask ingest_data
[2022-07-12 17:23:55,228] {task_command.py:371} INFO - Running <TaskInstance: data_ingestion_local.ingest_data manual__2022-07-12T17:13:12.925175+00:00 [running]> on host f998a36d2c1c
[2022-07-12 17:23:55,290] {logging_mixin.py:115} WARNING - /home/airflow/.local/lib/python3.7/site-packages/airflow/utils/context.py:202 AirflowContextDeprecationWarning: Accessing 'execution_date' from the template is deprecated and will be removed in a future version. Please use 'data_interval_start' or 'logical_date' instead.
[2022-07-12 17:23:55,344] {taskinstance.py:1591} INFO - Exporting the following env vars:
AIRFLOW_CTX_DAG_OWNER=airflow
AIRFLOW_CTX_DAG_ID=data_ingestion_local
AIRFLOW_CTX_TASK_ID=ingest_data
AIRFLOW_CTX_EXECUTION_DATE=2022-07-12T17:13:12.925175+00:00
AIRFLOW_CTX_TRY_NUMBER=2
AIRFLOW_CTX_DAG_RUN_ID=manual__2022-07-12T17:13:12.925175+00:00
[2022-07-12 17:23:55,345] {logging_mixin.py:115} INFO - *** *** pgdatabase 5432 ny_taxi yellow_taxi_2022_04.parquet /opt/airflow/output_2022-04.parquet
[2022-07-12 17:23:55,345] {logging_mixin.py:115} INFO - user is ***
[2022-07-12 17:23:56,568] {logging_mixin.py:115} INFO - yellow_taxi_2022_04.parquet /opt/airflow/output_2022-04.parquet
