[2022-07-12 02:46:22,724] {taskinstance.py:1032} INFO - Dependencies all met for <TaskInstance: data_ingestion_gcs_dag.bigquery_external_table_task scheduled__2022-07-11T00:00:00+00:00 [queued]>
[2022-07-12 02:46:22,756] {taskinstance.py:1032} INFO - Dependencies all met for <TaskInstance: data_ingestion_gcs_dag.bigquery_external_table_task scheduled__2022-07-11T00:00:00+00:00 [queued]>
[2022-07-12 02:46:22,757] {taskinstance.py:1238} INFO - 
--------------------------------------------------------------------------------
[2022-07-12 02:46:22,757] {taskinstance.py:1239} INFO - Starting attempt 1 of 2
[2022-07-12 02:46:22,757] {taskinstance.py:1240} INFO - 
--------------------------------------------------------------------------------
[2022-07-12 02:46:22,790] {taskinstance.py:1259} INFO - Executing <Task(BigQueryCreateExternalTableOperator): bigquery_external_table_task> on 2022-07-11 00:00:00+00:00
[2022-07-12 02:46:22,796] {standard_task_runner.py:52} INFO - Started process 368 to run task
[2022-07-12 02:46:22,800] {standard_task_runner.py:76} INFO - Running: ['***', 'tasks', 'run', 'data_ingestion_gcs_dag', 'bigquery_external_table_task', 'scheduled__2022-07-11T00:00:00+00:00', '--job-id', '14', '--raw', '--subdir', 'DAGS_FOLDER/data_ingestion_to_gcs_dag.py', '--cfg-path', '/tmp/tmptq3x7gh3', '--error-file', '/tmp/tmpkk1d6zik']
[2022-07-12 02:46:22,801] {standard_task_runner.py:77} INFO - Job 14: Subtask bigquery_external_table_task
[2022-07-12 02:46:22,942] {logging_mixin.py:109} INFO - Running <TaskInstance: data_ingestion_gcs_dag.bigquery_external_table_task scheduled__2022-07-11T00:00:00+00:00 [running]> on host 4f99e11ef430
[2022-07-12 02:46:23,043] {taskinstance.py:1426} INFO - Exporting the following env vars:
AIRFLOW_CTX_DAG_OWNER=***
AIRFLOW_CTX_DAG_ID=data_ingestion_gcs_dag
AIRFLOW_CTX_TASK_ID=bigquery_external_table_task
AIRFLOW_CTX_EXECUTION_DATE=2022-07-11T00:00:00+00:00
AIRFLOW_CTX_DAG_RUN_ID=scheduled__2022-07-11T00:00:00+00:00
[2022-07-12 02:46:23,045] {crypto.py:82} WARNING - empty cryptography key - values will not be stored encrypted.
[2022-07-12 02:46:24,101] {taskinstance.py:1277} INFO - Marking task as SUCCESS. dag_id=data_ingestion_gcs_dag, task_id=bigquery_external_table_task, execution_date=20220711T000000, start_date=20220712T024622, end_date=20220712T024624
[2022-07-12 02:46:24,138] {local_task_job.py:154} INFO - Task exited with return code 0
[2022-07-12 02:46:24,201] {local_task_job.py:264} INFO - 0 downstream tasks scheduled from follow-on schedule check
