[2022-07-11 11:51:06,636] {taskinstance.py:1032} INFO - Dependencies all met for <TaskInstance: data_ingestion_gcs_dag.download_dataset_task scheduled__2022-07-10T00:00:00+00:00 [queued]>
[2022-07-11 11:51:06,647] {taskinstance.py:1032} INFO - Dependencies all met for <TaskInstance: data_ingestion_gcs_dag.download_dataset_task scheduled__2022-07-10T00:00:00+00:00 [queued]>
[2022-07-11 11:51:06,648] {taskinstance.py:1238} INFO - 
--------------------------------------------------------------------------------
[2022-07-11 11:51:06,648] {taskinstance.py:1239} INFO - Starting attempt 1 of 2
[2022-07-11 11:51:06,648] {taskinstance.py:1240} INFO - 
--------------------------------------------------------------------------------
[2022-07-11 11:51:06,661] {taskinstance.py:1259} INFO - Executing <Task(BashOperator): download_dataset_task> on 2022-07-10 00:00:00+00:00
[2022-07-11 11:51:06,665] {standard_task_runner.py:52} INFO - Started process 837 to run task
[2022-07-11 11:51:06,668] {standard_task_runner.py:76} INFO - Running: ['***', 'tasks', 'run', 'data_ingestion_gcs_dag', 'download_dataset_task', 'scheduled__2022-07-10T00:00:00+00:00', '--job-id', '2', '--raw', '--subdir', 'DAGS_FOLDER/data_ingestion_to_gcs_dag.py', '--cfg-path', '/tmp/tmpn1vlynjq', '--error-file', '/tmp/tmp9c01l619']
[2022-07-11 11:51:06,669] {standard_task_runner.py:77} INFO - Job 2: Subtask download_dataset_task
[2022-07-11 11:51:06,725] {logging_mixin.py:109} INFO - Running <TaskInstance: data_ingestion_gcs_dag.download_dataset_task scheduled__2022-07-10T00:00:00+00:00 [running]> on host 507aac0e66bb
[2022-07-11 11:51:06,779] {taskinstance.py:1426} INFO - Exporting the following env vars:
AIRFLOW_CTX_DAG_OWNER=***
AIRFLOW_CTX_DAG_ID=data_ingestion_gcs_dag
AIRFLOW_CTX_TASK_ID=download_dataset_task
AIRFLOW_CTX_EXECUTION_DATE=2022-07-10T00:00:00+00:00
AIRFLOW_CTX_DAG_RUN_ID=scheduled__2022-07-10T00:00:00+00:00
[2022-07-11 11:51:06,780] {subprocess.py:62} INFO - Tmp dir root location: 
 /tmp
[2022-07-11 11:51:06,781] {subprocess.py:74} INFO - Running command: ['bash', '-c', 'curl -sSL https://s3.amazonaws.com/nyc-tlc/csv_backup/yellow_tripdata_2021-01.csv > /opt/***/yellow_tripdata_2021-01.csv']
[2022-07-11 11:51:06,790] {subprocess.py:85} INFO - Output:
[2022-07-11 11:51:07,926] {subprocess.py:93} INFO - Command exited with return code 0
[2022-07-11 11:51:07,953] {taskinstance.py:1277} INFO - Marking task as SUCCESS. dag_id=data_ingestion_gcs_dag, task_id=download_dataset_task, execution_date=20220710T000000, start_date=20220711T115106, end_date=20220711T115107
[2022-07-11 11:51:08,005] {local_task_job.py:154} INFO - Task exited with return code 0
[2022-07-11 11:51:08,046] {local_task_job.py:264} INFO - 1 downstream tasks scheduled from follow-on schedule check
[2022-07-11 13:46:35,429] {taskinstance.py:1032} INFO - Dependencies all met for <TaskInstance: data_ingestion_gcs_dag.download_dataset_task scheduled__2022-07-10T00:00:00+00:00 [queued]>
[2022-07-11 13:46:35,441] {taskinstance.py:1032} INFO - Dependencies all met for <TaskInstance: data_ingestion_gcs_dag.download_dataset_task scheduled__2022-07-10T00:00:00+00:00 [queued]>
[2022-07-11 13:46:35,441] {taskinstance.py:1238} INFO - 
--------------------------------------------------------------------------------
[2022-07-11 13:46:35,442] {taskinstance.py:1239} INFO - Starting attempt 1 of 2
[2022-07-11 13:46:35,442] {taskinstance.py:1240} INFO - 
--------------------------------------------------------------------------------
[2022-07-11 13:46:35,455] {taskinstance.py:1259} INFO - Executing <Task(BashOperator): download_dataset_task> on 2022-07-10 00:00:00+00:00
[2022-07-11 13:46:35,459] {standard_task_runner.py:52} INFO - Started process 1446 to run task
[2022-07-11 13:46:35,463] {standard_task_runner.py:76} INFO - Running: ['***', 'tasks', 'run', 'data_ingestion_gcs_dag', 'download_dataset_task', 'scheduled__2022-07-10T00:00:00+00:00', '--job-id', '2', '--raw', '--subdir', 'DAGS_FOLDER/data_ingestion_to_gcs_dag.py', '--cfg-path', '/tmp/tmpdl_7_89h', '--error-file', '/tmp/tmpy8pvkkd4']
[2022-07-11 13:46:35,464] {standard_task_runner.py:77} INFO - Job 2: Subtask download_dataset_task
[2022-07-11 13:46:35,520] {logging_mixin.py:109} INFO - Running <TaskInstance: data_ingestion_gcs_dag.download_dataset_task scheduled__2022-07-10T00:00:00+00:00 [running]> on host 4f99e11ef430
[2022-07-11 13:46:35,576] {taskinstance.py:1426} INFO - Exporting the following env vars:
AIRFLOW_CTX_DAG_OWNER=***
AIRFLOW_CTX_DAG_ID=data_ingestion_gcs_dag
AIRFLOW_CTX_TASK_ID=download_dataset_task
AIRFLOW_CTX_EXECUTION_DATE=2022-07-10T00:00:00+00:00
AIRFLOW_CTX_DAG_RUN_ID=scheduled__2022-07-10T00:00:00+00:00
[2022-07-11 13:46:35,578] {subprocess.py:62} INFO - Tmp dir root location: 
 /tmp
[2022-07-11 13:46:35,578] {subprocess.py:74} INFO - Running command: ['bash', '-c', 'curl -sSL https://d37ci6vzurychx.cloudfront.net/trip-data/yellow_tripdata_2021-01.parquet > /opt/***/yellow_tripdata_2021-01.parquet']
[2022-07-11 13:46:35,589] {subprocess.py:85} INFO - Output:
[2022-07-11 13:46:42,894] {subprocess.py:93} INFO - Command exited with return code 0
[2022-07-11 13:46:42,964] {taskinstance.py:1277} INFO - Marking task as SUCCESS. dag_id=data_ingestion_gcs_dag, task_id=download_dataset_task, execution_date=20220710T000000, start_date=20220711T134635, end_date=20220711T134642
[2022-07-11 13:46:43,010] {local_task_job.py:154} INFO - Task exited with return code 0
[2022-07-11 13:46:43,070] {local_task_job.py:264} INFO - 1 downstream tasks scheduled from follow-on schedule check
