[2022-07-12 11:01:39,617] {taskinstance.py:1032} INFO - Dependencies all met for <TaskInstance: data_ingestion_local.download manual__2022-07-12T11:01:37.825344+00:00 [queued]>
[2022-07-12 11:01:39,629] {taskinstance.py:1032} INFO - Dependencies all met for <TaskInstance: data_ingestion_local.download manual__2022-07-12T11:01:37.825344+00:00 [queued]>
[2022-07-12 11:01:39,629] {taskinstance.py:1238} INFO - 
--------------------------------------------------------------------------------
[2022-07-12 11:01:39,629] {taskinstance.py:1239} INFO - Starting attempt 1 of 2
[2022-07-12 11:01:39,629] {taskinstance.py:1240} INFO - 
--------------------------------------------------------------------------------
[2022-07-12 11:01:39,642] {taskinstance.py:1259} INFO - Executing <Task(BashOperator): download> on 2022-07-12 11:01:37.825344+00:00
[2022-07-12 11:01:39,646] {standard_task_runner.py:52} INFO - Started process 7319 to run task
[2022-07-12 11:01:39,649] {standard_task_runner.py:76} INFO - Running: ['***', 'tasks', 'run', 'data_ingestion_local', 'download', 'manual__2022-07-12T11:01:37.825344+00:00', '--job-id', '25', '--raw', '--subdir', 'DAGS_FOLDER/data_ingestion_local_dag.py', '--cfg-path', '/tmp/tmp25m3vl41', '--error-file', '/tmp/tmpb__05qrr']
[2022-07-12 11:01:39,650] {standard_task_runner.py:77} INFO - Job 25: Subtask download
[2022-07-12 11:01:39,713] {logging_mixin.py:109} INFO - Running <TaskInstance: data_ingestion_local.download manual__2022-07-12T11:01:37.825344+00:00 [running]> on host aff450fe4e0f
[2022-07-12 11:01:39,776] {logging_mixin.py:109} WARNING - /home/***/.local/lib/python3.7/site-packages/***/utils/context.py:152 AirflowContextDeprecationWarning: Accessing 'execution_date' from the template is deprecated and will be removed in a future version. Please use 'data_interval_start' or 'logical_date' instead.
[2022-07-12 11:01:39,799] {taskinstance.py:1426} INFO - Exporting the following env vars:
AIRFLOW_CTX_DAG_OWNER=***
AIRFLOW_CTX_DAG_ID=data_ingestion_local
AIRFLOW_CTX_TASK_ID=download
AIRFLOW_CTX_EXECUTION_DATE=2022-07-12T11:01:37.825344+00:00
AIRFLOW_CTX_DAG_RUN_ID=manual__2022-07-12T11:01:37.825344+00:00
[2022-07-12 11:01:39,800] {subprocess.py:62} INFO - Tmp dir root location: 
 /tmp
[2022-07-12 11:01:39,801] {subprocess.py:74} INFO - Running command: ['bash', '-c', 'echo "2022-04"']
[2022-07-12 11:01:39,812] {subprocess.py:85} INFO - Output:
[2022-07-12 11:01:39,814] {subprocess.py:89} INFO - 2022-04
[2022-07-12 11:01:39,814] {subprocess.py:93} INFO - Command exited with return code 0
[2022-07-12 11:01:39,840] {taskinstance.py:1277} INFO - Marking task as SUCCESS. dag_id=data_ingestion_local, task_id=download, execution_date=20220712T110137, start_date=20220712T110139, end_date=20220712T110139
[2022-07-12 11:01:39,861] {local_task_job.py:154} INFO - Task exited with return code 0
[2022-07-12 11:01:39,905] {local_task_job.py:264} INFO - 1 downstream tasks scheduled from follow-on schedule check
