[2022-07-12 15:21:44,475] {taskinstance.py:1179} INFO - Dependencies all met for <TaskInstance: data_ingestion_local.download manual__2022-07-12T15:21:42.770168+00:00 [queued]>
[2022-07-12 15:21:44,489] {taskinstance.py:1179} INFO - Dependencies all met for <TaskInstance: data_ingestion_local.download manual__2022-07-12T15:21:42.770168+00:00 [queued]>
[2022-07-12 15:21:44,490] {taskinstance.py:1376} INFO - 
--------------------------------------------------------------------------------
[2022-07-12 15:21:44,490] {taskinstance.py:1377} INFO - Starting attempt 1 of 2
[2022-07-12 15:21:44,490] {taskinstance.py:1378} INFO - 
--------------------------------------------------------------------------------
[2022-07-12 15:21:44,509] {taskinstance.py:1397} INFO - Executing <Task(BashOperator): download> on 2022-07-12 15:21:42.770168+00:00
[2022-07-12 15:21:44,515] {standard_task_runner.py:52} INFO - Started process 192 to run task
[2022-07-12 15:21:44,520] {standard_task_runner.py:79} INFO - Running: ['airflow', 'tasks', 'run', 'data_ingestion_local', 'download', 'manual__2022-07-12T15:21:42.770168+00:00', '--job-id', '11', '--raw', '--subdir', 'DAGS_FOLDER/data_ingestion_local_dag.py', '--cfg-path', '/tmp/tmpdpk7b29b', '--error-file', '/tmp/tmpybxj6bg4']
[2022-07-12 15:21:44,521] {standard_task_runner.py:80} INFO - Job 11: Subtask download
[2022-07-12 15:21:44,604] {task_command.py:371} INFO - Running <TaskInstance: data_ingestion_local.download manual__2022-07-12T15:21:42.770168+00:00 [running]> on host 0ca5e21fb7fb
[2022-07-12 15:21:44,671] {logging_mixin.py:115} WARNING - /home/airflow/.local/lib/python3.7/site-packages/airflow/utils/context.py:202 AirflowContextDeprecationWarning: Accessing 'execution_date' from the template is deprecated and will be removed in a future version. Please use 'data_interval_start' or 'logical_date' instead.
[2022-07-12 15:21:44,744] {taskinstance.py:1591} INFO - Exporting the following env vars:
AIRFLOW_CTX_DAG_OWNER=airflow
AIRFLOW_CTX_DAG_ID=data_ingestion_local
AIRFLOW_CTX_TASK_ID=download
AIRFLOW_CTX_EXECUTION_DATE=2022-07-12T15:21:42.770168+00:00
AIRFLOW_CTX_TRY_NUMBER=1
AIRFLOW_CTX_DAG_RUN_ID=manual__2022-07-12T15:21:42.770168+00:00
[2022-07-12 15:21:44,746] {subprocess.py:62} INFO - Tmp dir *** location: 
 /tmp
[2022-07-12 15:21:44,746] {subprocess.py:74} INFO - Running command: ['bash', '-c', 'curl -sSL https://d37ci6vzurychx.cloudfront.net/trip-data/yellow_tripdata_2022-04.parquet > /opt/airflow/output_2022-04.parquet']
[2022-07-12 15:21:44,773] {subprocess.py:85} INFO - Output:
[2022-07-12 15:21:59,912] {subprocess.py:96} INFO - Command exited with return code 0
[2022-07-12 15:21:59,978] {taskinstance.py:1420} INFO - Marking task as SUCCESS. dag_id=data_ingestion_local, task_id=download, execution_date=20220712T152142, start_date=20220712T152144, end_date=20220712T152159
[2022-07-12 15:22:00,014] {local_task_job.py:156} INFO - Task exited with return code 0
[2022-07-12 15:22:00,074] {local_task_job.py:273} INFO - 1 downstream tasks scheduled from follow-on schedule check
