[2022-07-27 09:15:44,798] {taskinstance.py:1179} INFO - Dependencies all met for <TaskInstance: create_data_warehouse_dag.bq_yellow_tripdata_external_table_task manual__2022-07-27T09:05:20.893380+00:00 [queued]>
[2022-07-27 09:15:44,823] {taskinstance.py:1179} INFO - Dependencies all met for <TaskInstance: create_data_warehouse_dag.bq_yellow_tripdata_external_table_task manual__2022-07-27T09:05:20.893380+00:00 [queued]>
[2022-07-27 09:15:44,825] {taskinstance.py:1376} INFO - 
--------------------------------------------------------------------------------
[2022-07-27 09:15:44,825] {taskinstance.py:1377} INFO - Starting attempt 2 of 2
[2022-07-27 09:15:44,825] {taskinstance.py:1378} INFO - 
--------------------------------------------------------------------------------
[2022-07-27 09:15:44,864] {taskinstance.py:1397} INFO - Executing <Task(BigQueryCreateExternalTableOperator): bq_yellow_tripdata_external_table_task> on 2022-07-27 09:05:20.893380+00:00
[2022-07-27 09:15:44,879] {standard_task_runner.py:52} INFO - Started process 2000 to run task
[2022-07-27 09:15:44,884] {standard_task_runner.py:79} INFO - Running: ['airflow', 'tasks', 'run', 'create_data_warehouse_dag', 'bq_yellow_tripdata_external_table_task', 'manual__2022-07-27T09:05:20.893380+00:00', '--job-id', '18', '--raw', '--subdir', 'DAGS_FOLDER/data_warehouse.py', '--cfg-path', '/tmp/tmpmx4wcq72', '--error-file', '/tmp/tmpn92_3g99']
[2022-07-27 09:15:44,885] {standard_task_runner.py:80} INFO - Job 18: Subtask bq_yellow_tripdata_external_table_task
[2022-07-27 09:15:45,019] {task_command.py:371} INFO - Running <TaskInstance: create_data_warehouse_dag.bq_yellow_tripdata_external_table_task manual__2022-07-27T09:05:20.893380+00:00 [running]> on host 11c7f62524ed
[2022-07-27 09:15:45,179] {taskinstance.py:1591} INFO - Exporting the following env vars:
AIRFLOW_CTX_DAG_OWNER=airflow
AIRFLOW_CTX_DAG_ID=create_data_warehouse_dag
AIRFLOW_CTX_TASK_ID=bq_yellow_tripdata_external_table_task
AIRFLOW_CTX_EXECUTION_DATE=2022-07-27T09:05:20.893380+00:00
AIRFLOW_CTX_TRY_NUMBER=2
AIRFLOW_CTX_DAG_RUN_ID=manual__2022-07-27T09:05:20.893380+00:00
[2022-07-27 09:15:45,182] {crypto.py:82} WARNING - empty cryptography key - values will not be stored encrypted.
[2022-07-27 09:15:45,182] {base.py:68} INFO - Using connection ID 'google_cloud_default' for task execution.
[2022-07-27 09:15:46,317] {taskinstance.py:1420} INFO - Marking task as SUCCESS. dag_id=create_data_warehouse_dag, task_id=bq_yellow_tripdata_external_table_task, execution_date=20220727T090520, start_date=20220727T091544, end_date=20220727T091546
[2022-07-27 09:15:46,371] {local_task_job.py:156} INFO - Task exited with return code 0
[2022-07-27 09:15:46,422] {local_task_job.py:273} INFO - 1 downstream tasks scheduled from follow-on schedule check
