[2022-07-12 21:02:17,002] {taskinstance.py:1179} INFO - Dependencies all met for <TaskInstance: data_ingestion_local.download manual__2022-07-12T21:02:15.327913+00:00 [queued]>
[2022-07-12 21:02:17,019] {taskinstance.py:1179} INFO - Dependencies all met for <TaskInstance: data_ingestion_local.download manual__2022-07-12T21:02:15.327913+00:00 [queued]>
[2022-07-12 21:02:17,019] {taskinstance.py:1376} INFO - 
--------------------------------------------------------------------------------
[2022-07-12 21:02:17,019] {taskinstance.py:1377} INFO - Starting attempt 1 of 2
[2022-07-12 21:02:17,019] {taskinstance.py:1378} INFO - 
--------------------------------------------------------------------------------
[2022-07-12 21:02:17,039] {taskinstance.py:1397} INFO - Executing <Task(BashOperator): download> on 2022-07-12 21:02:15.327913+00:00
[2022-07-12 21:02:17,048] {standard_task_runner.py:52} INFO - Started process 3665 to run task
[2022-07-12 21:02:17,052] {standard_task_runner.py:79} INFO - Running: ['airflow', 'tasks', 'run', 'data_ingestion_local', 'download', 'manual__2022-07-12T21:02:15.327913+00:00', '--job-id', '37', '--raw', '--subdir', 'DAGS_FOLDER/data_ingestion_local_dag.py', '--cfg-path', '/tmp/tmpgxbg3usv', '--error-file', '/tmp/tmph511fdab']
[2022-07-12 21:02:17,053] {standard_task_runner.py:80} INFO - Job 37: Subtask download
[2022-07-12 21:02:17,167] {task_command.py:371} INFO - Running <TaskInstance: data_ingestion_local.download manual__2022-07-12T21:02:15.327913+00:00 [running]> on host 139e0ae5bdf5
[2022-07-12 21:02:17,241] {logging_mixin.py:115} WARNING - /home/airflow/.local/lib/python3.7/site-packages/airflow/utils/context.py:202 AirflowContextDeprecationWarning: Accessing 'execution_date' from the template is deprecated and will be removed in a future version. Please use 'data_interval_start' or 'logical_date' instead.
[2022-07-12 21:02:17,333] {taskinstance.py:1591} INFO - Exporting the following env vars:
AIRFLOW_CTX_DAG_OWNER=airflow
AIRFLOW_CTX_DAG_ID=data_ingestion_local
AIRFLOW_CTX_TASK_ID=download
AIRFLOW_CTX_EXECUTION_DATE=2022-07-12T21:02:15.327913+00:00
AIRFLOW_CTX_TRY_NUMBER=1
AIRFLOW_CTX_DAG_RUN_ID=manual__2022-07-12T21:02:15.327913+00:00
[2022-07-12 21:02:17,335] {subprocess.py:62} INFO - Tmp dir *** location: 
 /tmp
[2022-07-12 21:02:17,336] {subprocess.py:74} INFO - Running command: ['bash', '-c', 'curl -sSL https://d37ci6vzurychx.cloudfront.net/trip-data/yellow_tripdata_2022-04.parquet > /opt/airflow/output_2022-04.parquet']
[2022-07-12 21:02:17,370] {subprocess.py:85} INFO - Output:
[2022-07-12 21:02:27,270] {subprocess.py:96} INFO - Command exited with return code 0
[2022-07-12 21:02:27,340] {taskinstance.py:1420} INFO - Marking task as SUCCESS. dag_id=data_ingestion_local, task_id=download, execution_date=20220712T210215, start_date=20220712T210217, end_date=20220712T210227
[2022-07-12 21:02:27,403] {local_task_job.py:156} INFO - Task exited with return code 0
[2022-07-12 21:02:27,456] {local_task_job.py:273} INFO - 1 downstream tasks scheduled from follow-on schedule check
