[2022-07-11 11:51:26,995] {taskinstance.py:1032} INFO - Dependencies all met for <TaskInstance: data_ingestion_gcs_dag.bigquery_external_table_task manual__2022-07-11T11:51:04.098843+00:00 [queued]>
[2022-07-11 11:51:27,006] {taskinstance.py:1032} INFO - Dependencies all met for <TaskInstance: data_ingestion_gcs_dag.bigquery_external_table_task manual__2022-07-11T11:51:04.098843+00:00 [queued]>
[2022-07-11 11:51:27,007] {taskinstance.py:1238} INFO - 
--------------------------------------------------------------------------------
[2022-07-11 11:51:27,007] {taskinstance.py:1239} INFO - Starting attempt 1 of 2
[2022-07-11 11:51:27,007] {taskinstance.py:1240} INFO - 
--------------------------------------------------------------------------------
[2022-07-11 11:51:27,019] {taskinstance.py:1259} INFO - Executing <Task(BigQueryCreateExternalTableOperator): bigquery_external_table_task> on 2022-07-11 11:51:04.098843+00:00
[2022-07-11 11:51:27,024] {standard_task_runner.py:52} INFO - Started process 1038 to run task
[2022-07-11 11:51:27,027] {standard_task_runner.py:76} INFO - Running: ['***', 'tasks', 'run', 'data_ingestion_gcs_dag', 'bigquery_external_table_task', 'manual__2022-07-11T11:51:04.098843+00:00', '--job-id', '9', '--raw', '--subdir', 'DAGS_FOLDER/data_ingestion_to_gcs_dag.py', '--cfg-path', '/tmp/tmpyfb1y27s', '--error-file', '/tmp/tmpbn2uam4n']
[2022-07-11 11:51:27,028] {standard_task_runner.py:77} INFO - Job 9: Subtask bigquery_external_table_task
[2022-07-11 11:51:27,086] {logging_mixin.py:109} INFO - Running <TaskInstance: data_ingestion_gcs_dag.bigquery_external_table_task manual__2022-07-11T11:51:04.098843+00:00 [running]> on host 507aac0e66bb
[2022-07-11 11:51:27,146] {taskinstance.py:1426} INFO - Exporting the following env vars:
AIRFLOW_CTX_DAG_OWNER=***
AIRFLOW_CTX_DAG_ID=data_ingestion_gcs_dag
AIRFLOW_CTX_TASK_ID=bigquery_external_table_task
AIRFLOW_CTX_EXECUTION_DATE=2022-07-11T11:51:04.098843+00:00
AIRFLOW_CTX_DAG_RUN_ID=manual__2022-07-11T11:51:04.098843+00:00
[2022-07-11 11:51:27,147] {crypto.py:82} WARNING - empty cryptography key - values will not be stored encrypted.
[2022-07-11 11:51:28,010] {taskinstance.py:1277} INFO - Marking task as SUCCESS. dag_id=data_ingestion_gcs_dag, task_id=bigquery_external_table_task, execution_date=20220711T115104, start_date=20220711T115126, end_date=20220711T115128
[2022-07-11 11:51:28,042] {local_task_job.py:154} INFO - Task exited with return code 0
[2022-07-11 11:51:28,076] {local_task_job.py:264} INFO - 0 downstream tasks scheduled from follow-on schedule check
