[2022-07-27 09:34:49,684] {taskinstance.py:1179} INFO - Dependencies all met for <TaskInstance: create_data_warehouse_dag.bg_create_fhv_tripdata_partitioned_table_task manual__2022-07-27T09:34:35.879110+00:00 [queued]>
[2022-07-27 09:34:49,741] {taskinstance.py:1179} INFO - Dependencies all met for <TaskInstance: create_data_warehouse_dag.bg_create_fhv_tripdata_partitioned_table_task manual__2022-07-27T09:34:35.879110+00:00 [queued]>
[2022-07-27 09:34:49,741] {taskinstance.py:1376} INFO - 
--------------------------------------------------------------------------------
[2022-07-27 09:34:49,741] {taskinstance.py:1377} INFO - Starting attempt 1 of 2
[2022-07-27 09:34:49,742] {taskinstance.py:1378} INFO - 
--------------------------------------------------------------------------------
[2022-07-27 09:34:49,771] {taskinstance.py:1397} INFO - Executing <Task(BigQueryInsertJobOperator): bg_create_fhv_tripdata_partitioned_table_task> on 2022-07-27 09:34:35.879110+00:00
[2022-07-27 09:34:49,785] {standard_task_runner.py:52} INFO - Started process 3395 to run task
[2022-07-27 09:34:49,797] {standard_task_runner.py:79} INFO - Running: ['airflow', 'tasks', 'run', 'create_data_warehouse_dag', 'bg_create_fhv_tripdata_partitioned_table_task', 'manual__2022-07-27T09:34:35.879110+00:00', '--job-id', '37', '--raw', '--subdir', 'DAGS_FOLDER/data_warehouse.py', '--cfg-path', '/tmp/tmpylaozps5', '--error-file', '/tmp/tmpaev0qi52']
[2022-07-27 09:34:49,799] {standard_task_runner.py:80} INFO - Job 37: Subtask bg_create_fhv_tripdata_partitioned_table_task
[2022-07-27 09:34:49,953] {task_command.py:371} INFO - Running <TaskInstance: create_data_warehouse_dag.bg_create_fhv_tripdata_partitioned_table_task manual__2022-07-27T09:34:35.879110+00:00 [running]> on host 11c7f62524ed
[2022-07-27 09:34:50,154] {taskinstance.py:1591} INFO - Exporting the following env vars:
AIRFLOW_CTX_DAG_OWNER=airflow
AIRFLOW_CTX_DAG_ID=create_data_warehouse_dag
AIRFLOW_CTX_TASK_ID=bg_create_fhv_tripdata_partitioned_table_task
AIRFLOW_CTX_EXECUTION_DATE=2022-07-27T09:34:35.879110+00:00
AIRFLOW_CTX_TRY_NUMBER=1
AIRFLOW_CTX_DAG_RUN_ID=manual__2022-07-27T09:34:35.879110+00:00
[2022-07-27 09:34:50,162] {crypto.py:82} WARNING - empty cryptography key - values will not be stored encrypted.
[2022-07-27 09:34:50,165] {base.py:68} INFO - Using connection ID 'google_cloud_default' for task execution.
[2022-07-27 09:34:50,166] {bigquery.py:2155} INFO - Executing: {'query': {'query': 'CREATE OR REPLACE TABLE trips_data_all.fhv_tripdata                 PARTITION BY DATE(Pickup_datetime)                 AS                 SELECT * FROM trips_data_all.fhv_tripdata_external_table;', 'useLegacySql': False}}
[2022-07-27 09:34:50,181] {bigquery.py:1539} INFO - Inserting job airflow_create_data_warehouse_dag_bg_create_fhv_tripdata_partitioned_table_task_2022_07_27T09_34_35_879110_00_00_ac83c66f80cdad03b3b5fcc15d4c36f7
[2022-07-27 09:34:54,977] {taskinstance.py:1420} INFO - Marking task as SUCCESS. dag_id=create_data_warehouse_dag, task_id=bg_create_fhv_tripdata_partitioned_table_task, execution_date=20220727T093435, start_date=20220727T093449, end_date=20220727T093454
[2022-07-27 09:34:55,010] {local_task_job.py:156} INFO - Task exited with return code 0
[2022-07-27 09:34:55,055] {local_task_job.py:273} INFO - 0 downstream tasks scheduled from follow-on schedule check
