[2022-07-12 04:23:37,725] {taskinstance.py:1032} INFO - Dependencies all met for <TaskInstance: data_ingestion_local.download manual__2022-07-12T04:23:36.488055+00:00 [queued]>
[2022-07-12 04:23:37,739] {taskinstance.py:1032} INFO - Dependencies all met for <TaskInstance: data_ingestion_local.download manual__2022-07-12T04:23:36.488055+00:00 [queued]>
[2022-07-12 04:23:37,740] {taskinstance.py:1238} INFO - 
--------------------------------------------------------------------------------
[2022-07-12 04:23:37,740] {taskinstance.py:1239} INFO - Starting attempt 1 of 2
[2022-07-12 04:23:37,740] {taskinstance.py:1240} INFO - 
--------------------------------------------------------------------------------
[2022-07-12 04:23:37,755] {taskinstance.py:1259} INFO - Executing <Task(BashOperator): download> on 2022-07-12 04:23:36.488055+00:00
[2022-07-12 04:23:37,759] {standard_task_runner.py:52} INFO - Started process 396 to run task
[2022-07-12 04:23:37,762] {standard_task_runner.py:76} INFO - Running: ['***', 'tasks', 'run', 'data_ingestion_local', 'download', 'manual__2022-07-12T04:23:36.488055+00:00', '--job-id', '2', '--raw', '--subdir', 'DAGS_FOLDER/data_ingestion_local_dag.py', '--cfg-path', '/tmp/tmp2a9et1ez', '--error-file', '/tmp/tmpq0q2hdam']
[2022-07-12 04:23:37,763] {standard_task_runner.py:77} INFO - Job 2: Subtask download
[2022-07-12 04:23:37,825] {logging_mixin.py:109} INFO - Running <TaskInstance: data_ingestion_local.download manual__2022-07-12T04:23:36.488055+00:00 [running]> on host aff450fe4e0f
[2022-07-12 04:23:37,895] {taskinstance.py:1426} INFO - Exporting the following env vars:
AIRFLOW_CTX_DAG_OWNER=***
AIRFLOW_CTX_DAG_ID=data_ingestion_local
AIRFLOW_CTX_TASK_ID=download
AIRFLOW_CTX_EXECUTION_DATE=2022-07-12T04:23:36.488055+00:00
AIRFLOW_CTX_DAG_RUN_ID=manual__2022-07-12T04:23:36.488055+00:00
[2022-07-12 04:23:37,896] {subprocess.py:62} INFO - Tmp dir root location: 
 /tmp
[2022-07-12 04:23:37,896] {subprocess.py:74} INFO - Running command: ['bash', '-c', 'echo "Hello world"']
[2022-07-12 04:23:37,906] {subprocess.py:85} INFO - Output:
[2022-07-12 04:23:37,908] {subprocess.py:89} INFO - Hello world
[2022-07-12 04:23:37,909] {subprocess.py:93} INFO - Command exited with return code 0
[2022-07-12 04:23:37,939] {taskinstance.py:1277} INFO - Marking task as SUCCESS. dag_id=data_ingestion_local, task_id=download, execution_date=20220712T042336, start_date=20220712T042337, end_date=20220712T042337
[2022-07-12 04:23:37,973] {local_task_job.py:154} INFO - Task exited with return code 0
[2022-07-12 04:23:38,018] {local_task_job.py:264} INFO - 1 downstream tasks scheduled from follow-on schedule check
