[2022-07-27 09:34:44,397] {taskinstance.py:1179} INFO - Dependencies all met for <TaskInstance: create_data_warehouse_dag.bq_fhv_tripdata_external_table_task manual__2022-07-27T09:34:35.879110+00:00 [queued]>
[2022-07-27 09:34:44,468] {taskinstance.py:1179} INFO - Dependencies all met for <TaskInstance: create_data_warehouse_dag.bq_fhv_tripdata_external_table_task manual__2022-07-27T09:34:35.879110+00:00 [queued]>
[2022-07-27 09:34:44,469] {taskinstance.py:1376} INFO - 
--------------------------------------------------------------------------------
[2022-07-27 09:34:44,469] {taskinstance.py:1377} INFO - Starting attempt 1 of 2
[2022-07-27 09:34:44,469] {taskinstance.py:1378} INFO - 
--------------------------------------------------------------------------------
[2022-07-27 09:34:44,572] {taskinstance.py:1397} INFO - Executing <Task(BigQueryCreateExternalTableOperator): bq_fhv_tripdata_external_table_task> on 2022-07-27 09:34:35.879110+00:00
[2022-07-27 09:34:44,596] {standard_task_runner.py:52} INFO - Started process 3381 to run task
[2022-07-27 09:34:44,626] {standard_task_runner.py:79} INFO - Running: ['airflow', 'tasks', 'run', 'create_data_warehouse_dag', 'bq_fhv_tripdata_external_table_task', 'manual__2022-07-27T09:34:35.879110+00:00', '--job-id', '35', '--raw', '--subdir', 'DAGS_FOLDER/data_warehouse.py', '--cfg-path', '/tmp/tmpb_ert6t7', '--error-file', '/tmp/tmpmj7q_ihh']
[2022-07-27 09:34:44,634] {standard_task_runner.py:80} INFO - Job 35: Subtask bq_fhv_tripdata_external_table_task
[2022-07-27 09:34:44,983] {task_command.py:371} INFO - Running <TaskInstance: create_data_warehouse_dag.bq_fhv_tripdata_external_table_task manual__2022-07-27T09:34:35.879110+00:00 [running]> on host 11c7f62524ed
[2022-07-27 09:34:45,507] {taskinstance.py:1591} INFO - Exporting the following env vars:
AIRFLOW_CTX_DAG_OWNER=airflow
AIRFLOW_CTX_DAG_ID=create_data_warehouse_dag
AIRFLOW_CTX_TASK_ID=bq_fhv_tripdata_external_table_task
AIRFLOW_CTX_EXECUTION_DATE=2022-07-27T09:34:35.879110+00:00
AIRFLOW_CTX_TRY_NUMBER=1
AIRFLOW_CTX_DAG_RUN_ID=manual__2022-07-27T09:34:35.879110+00:00
[2022-07-27 09:34:45,509] {crypto.py:82} WARNING - empty cryptography key - values will not be stored encrypted.
[2022-07-27 09:34:45,510] {base.py:68} INFO - Using connection ID 'google_cloud_default' for task execution.
[2022-07-27 09:34:46,761] {taskinstance.py:1420} INFO - Marking task as SUCCESS. dag_id=create_data_warehouse_dag, task_id=bq_fhv_tripdata_external_table_task, execution_date=20220727T093435, start_date=20220727T093444, end_date=20220727T093446
[2022-07-27 09:34:46,820] {local_task_job.py:156} INFO - Task exited with return code 0
[2022-07-27 09:34:46,923] {local_task_job.py:273} INFO - 1 downstream tasks scheduled from follow-on schedule check
