[2022-07-12 14:48:39,812] {taskinstance.py:1179} INFO - Dependencies all met for <TaskInstance: data_ingestion_local.download manual__2022-07-12T14:48:37.804921+00:00 [queued]>
[2022-07-12 14:48:39,830] {taskinstance.py:1179} INFO - Dependencies all met for <TaskInstance: data_ingestion_local.download manual__2022-07-12T14:48:37.804921+00:00 [queued]>
[2022-07-12 14:48:39,830] {taskinstance.py:1376} INFO - 
--------------------------------------------------------------------------------
[2022-07-12 14:48:39,830] {taskinstance.py:1377} INFO - Starting attempt 1 of 2
[2022-07-12 14:48:39,830] {taskinstance.py:1378} INFO - 
--------------------------------------------------------------------------------
[2022-07-12 14:48:39,854] {taskinstance.py:1397} INFO - Executing <Task(BashOperator): download> on 2022-07-12 14:48:37.804921+00:00
[2022-07-12 14:48:39,859] {standard_task_runner.py:52} INFO - Started process 240 to run task
[2022-07-12 14:48:39,863] {standard_task_runner.py:79} INFO - Running: ['airflow', 'tasks', 'run', 'data_ingestion_local', 'download', 'manual__2022-07-12T14:48:37.804921+00:00', '--job-id', '6', '--raw', '--subdir', 'DAGS_FOLDER/data_ingestion_local_dag.py', '--cfg-path', '/tmp/tmpkcze_5d_', '--error-file', '/tmp/tmpwifb4lee']
[2022-07-12 14:48:39,865] {standard_task_runner.py:80} INFO - Job 6: Subtask download
[2022-07-12 14:48:39,973] {task_command.py:371} INFO - Running <TaskInstance: data_ingestion_local.download manual__2022-07-12T14:48:37.804921+00:00 [running]> on host 0ca5e21fb7fb
[2022-07-12 14:48:40,061] {logging_mixin.py:115} WARNING - /home/airflow/.local/lib/python3.7/site-packages/airflow/utils/context.py:202 AirflowContextDeprecationWarning: Accessing 'execution_date' from the template is deprecated and will be removed in a future version. Please use 'data_interval_start' or 'logical_date' instead.
[2022-07-12 14:48:40,154] {taskinstance.py:1591} INFO - Exporting the following env vars:
AIRFLOW_CTX_DAG_OWNER=airflow
AIRFLOW_CTX_DAG_ID=data_ingestion_local
AIRFLOW_CTX_TASK_ID=download
AIRFLOW_CTX_EXECUTION_DATE=2022-07-12T14:48:37.804921+00:00
AIRFLOW_CTX_TRY_NUMBER=1
AIRFLOW_CTX_DAG_RUN_ID=manual__2022-07-12T14:48:37.804921+00:00
[2022-07-12 14:48:40,155] {subprocess.py:62} INFO - Tmp dir *** location: 
 /tmp
[2022-07-12 14:48:40,156] {subprocess.py:74} INFO - Running command: ['bash', '-c', 'curl -sSL https://d37ci6vzurychx.cloudfront.net/trip-data/yellow_tripdata_2022-04.parquet > /opt/airflow/output_2022-04.parquet']
[2022-07-12 14:48:40,170] {subprocess.py:85} INFO - Output:
[2022-07-12 14:48:53,220] {subprocess.py:96} INFO - Command exited with return code 0
[2022-07-12 14:48:53,263] {taskinstance.py:1420} INFO - Marking task as SUCCESS. dag_id=data_ingestion_local, task_id=download, execution_date=20220712T144837, start_date=20220712T144839, end_date=20220712T144853
[2022-07-12 14:48:53,310] {local_task_job.py:156} INFO - Task exited with return code 0
[2022-07-12 14:48:53,356] {local_task_job.py:273} INFO - 1 downstream tasks scheduled from follow-on schedule check
