[2022-07-27 09:34:49,798] {taskinstance.py:1179} INFO - Dependencies all met for <TaskInstance: create_data_warehouse_dag.bg_create_green_tripdata_partitioned_table_task manual__2022-07-27T09:34:35.879110+00:00 [queued]>
[2022-07-27 09:34:49,835] {taskinstance.py:1179} INFO - Dependencies all met for <TaskInstance: create_data_warehouse_dag.bg_create_green_tripdata_partitioned_table_task manual__2022-07-27T09:34:35.879110+00:00 [queued]>
[2022-07-27 09:34:49,836] {taskinstance.py:1376} INFO - 
--------------------------------------------------------------------------------
[2022-07-27 09:34:49,836] {taskinstance.py:1377} INFO - Starting attempt 1 of 2
[2022-07-27 09:34:49,836] {taskinstance.py:1378} INFO - 
--------------------------------------------------------------------------------
[2022-07-27 09:34:49,879] {taskinstance.py:1397} INFO - Executing <Task(BigQueryInsertJobOperator): bg_create_green_tripdata_partitioned_table_task> on 2022-07-27 09:34:35.879110+00:00
[2022-07-27 09:34:49,887] {standard_task_runner.py:52} INFO - Started process 3396 to run task
[2022-07-27 09:34:49,903] {standard_task_runner.py:79} INFO - Running: ['airflow', 'tasks', 'run', 'create_data_warehouse_dag', 'bg_create_green_tripdata_partitioned_table_task', 'manual__2022-07-27T09:34:35.879110+00:00', '--job-id', '38', '--raw', '--subdir', 'DAGS_FOLDER/data_warehouse.py', '--cfg-path', '/tmp/tmp1fzuuwiv', '--error-file', '/tmp/tmpwlbl2seu']
[2022-07-27 09:34:49,905] {standard_task_runner.py:80} INFO - Job 38: Subtask bg_create_green_tripdata_partitioned_table_task
[2022-07-27 09:34:50,148] {task_command.py:371} INFO - Running <TaskInstance: create_data_warehouse_dag.bg_create_green_tripdata_partitioned_table_task manual__2022-07-27T09:34:35.879110+00:00 [running]> on host 11c7f62524ed
[2022-07-27 09:34:50,395] {taskinstance.py:1591} INFO - Exporting the following env vars:
AIRFLOW_CTX_DAG_OWNER=airflow
AIRFLOW_CTX_DAG_ID=create_data_warehouse_dag
AIRFLOW_CTX_TASK_ID=bg_create_green_tripdata_partitioned_table_task
AIRFLOW_CTX_EXECUTION_DATE=2022-07-27T09:34:35.879110+00:00
AIRFLOW_CTX_TRY_NUMBER=1
AIRFLOW_CTX_DAG_RUN_ID=manual__2022-07-27T09:34:35.879110+00:00
[2022-07-27 09:34:50,428] {crypto.py:82} WARNING - empty cryptography key - values will not be stored encrypted.
[2022-07-27 09:34:50,428] {base.py:68} INFO - Using connection ID 'google_cloud_default' for task execution.
[2022-07-27 09:34:50,440] {bigquery.py:2155} INFO - Executing: {'query': {'query': 'CREATE OR REPLACE TABLE trips_data_all.green_tripdata                 PARTITION BY DATE(lpep_pickup_datetime)                 AS                 SELECT * FROM trips_data_all.green_tripdata_external_table;', 'useLegacySql': False}}
[2022-07-27 09:34:50,499] {bigquery.py:1539} INFO - Inserting job airflow_create_data_warehouse_dag_bg_create_green_tripdata_partitioned_table_task_2022_07_27T09_34_35_879110_00_00_94631f181b367c1bec9cc127a77a25f9
[2022-07-27 09:34:54,225] {taskinstance.py:1420} INFO - Marking task as SUCCESS. dag_id=create_data_warehouse_dag, task_id=bg_create_green_tripdata_partitioned_table_task, execution_date=20220727T093435, start_date=20220727T093449, end_date=20220727T093454
[2022-07-27 09:34:54,278] {local_task_job.py:156} INFO - Task exited with return code 0
[2022-07-27 09:34:54,323] {local_task_job.py:273} INFO - 0 downstream tasks scheduled from follow-on schedule check
