[2022-07-12 19:50:13,234] {taskinstance.py:1179} INFO - Dependencies all met for <TaskInstance: data_ingestion_local.ingest_data manual__2022-07-12T19:50:00.028583+00:00 [queued]>
[2022-07-12 19:50:13,275] {taskinstance.py:1179} INFO - Dependencies all met for <TaskInstance: data_ingestion_local.ingest_data manual__2022-07-12T19:50:00.028583+00:00 [queued]>
[2022-07-12 19:50:13,275] {taskinstance.py:1376} INFO - 
--------------------------------------------------------------------------------
[2022-07-12 19:50:13,275] {taskinstance.py:1377} INFO - Starting attempt 1 of 2
[2022-07-12 19:50:13,276] {taskinstance.py:1378} INFO - 
--------------------------------------------------------------------------------
[2022-07-12 19:50:13,323] {taskinstance.py:1397} INFO - Executing <Task(PythonOperator): ingest_data> on 2022-07-12 19:50:00.028583+00:00
[2022-07-12 19:50:13,332] {standard_task_runner.py:52} INFO - Started process 5094 to run task
[2022-07-12 19:50:13,343] {standard_task_runner.py:79} INFO - Running: ['airflow', 'tasks', 'run', 'data_ingestion_local', 'ingest_data', 'manual__2022-07-12T19:50:00.028583+00:00', '--job-id', '15', '--raw', '--subdir', 'DAGS_FOLDER/data_ingestion_local_dag.py', '--cfg-path', '/tmp/tmp_kz3m4ly', '--error-file', '/tmp/tmp29wubdbi']
[2022-07-12 19:50:13,346] {standard_task_runner.py:80} INFO - Job 15: Subtask ingest_data
[2022-07-12 19:50:13,604] {task_command.py:371} INFO - Running <TaskInstance: data_ingestion_local.ingest_data manual__2022-07-12T19:50:00.028583+00:00 [running]> on host 139e0ae5bdf5
[2022-07-12 19:50:13,911] {logging_mixin.py:115} WARNING - /home/airflow/.local/lib/python3.7/site-packages/airflow/utils/context.py:202 AirflowContextDeprecationWarning: Accessing 'execution_date' from the template is deprecated and will be removed in a future version. Please use 'data_interval_start' or 'logical_date' instead.
[2022-07-12 19:50:14,107] {taskinstance.py:1591} INFO - Exporting the following env vars:
AIRFLOW_CTX_DAG_OWNER=airflow
AIRFLOW_CTX_DAG_ID=data_ingestion_local
AIRFLOW_CTX_TASK_ID=ingest_data
AIRFLOW_CTX_EXECUTION_DATE=2022-07-12T19:50:00.028583+00:00
AIRFLOW_CTX_TRY_NUMBER=1
AIRFLOW_CTX_DAG_RUN_ID=manual__2022-07-12T19:50:00.028583+00:00
[2022-07-12 19:50:14,108] {logging_mixin.py:115} INFO - *** *** pgdatabase 5432 ny_taxi yellow_taxi_2022_04.parquet /opt/airflow/output_2022-04.parquet
[2022-07-12 19:50:14,108] {logging_mixin.py:115} INFO - user is ***
[2022-07-12 19:50:17,898] {logging_mixin.py:115} INFO - yellow_taxi_2022_04.parquet /opt/airflow/output_2022-04.parquet
