[2022-07-11 11:51:24,071] {taskinstance.py:1032} INFO - Dependencies all met for <TaskInstance: data_ingestion_gcs_dag.local_to_gcs_task manual__2022-07-11T11:51:04.098843+00:00 [queued]>
[2022-07-11 11:51:24,083] {taskinstance.py:1032} INFO - Dependencies all met for <TaskInstance: data_ingestion_gcs_dag.local_to_gcs_task manual__2022-07-11T11:51:04.098843+00:00 [queued]>
[2022-07-11 11:51:24,083] {taskinstance.py:1238} INFO - 
--------------------------------------------------------------------------------
[2022-07-11 11:51:24,083] {taskinstance.py:1239} INFO - Starting attempt 1 of 2
[2022-07-11 11:51:24,083] {taskinstance.py:1240} INFO - 
--------------------------------------------------------------------------------
[2022-07-11 11:51:24,096] {taskinstance.py:1259} INFO - Executing <Task(PythonOperator): local_to_gcs_task> on 2022-07-11 11:51:04.098843+00:00
[2022-07-11 11:51:24,101] {standard_task_runner.py:52} INFO - Started process 1017 to run task
[2022-07-11 11:51:24,105] {standard_task_runner.py:76} INFO - Running: ['***', 'tasks', 'run', 'data_ingestion_gcs_dag', 'local_to_gcs_task', 'manual__2022-07-11T11:51:04.098843+00:00', '--job-id', '8', '--raw', '--subdir', 'DAGS_FOLDER/data_ingestion_to_gcs_dag.py', '--cfg-path', '/tmp/tmpx_n6oe8_', '--error-file', '/tmp/tmp5ion8tot']
[2022-07-11 11:51:24,106] {standard_task_runner.py:77} INFO - Job 8: Subtask local_to_gcs_task
[2022-07-11 11:51:24,178] {logging_mixin.py:109} INFO - Running <TaskInstance: data_ingestion_gcs_dag.local_to_gcs_task manual__2022-07-11T11:51:04.098843+00:00 [running]> on host 507aac0e66bb
[2022-07-11 11:51:24,259] {taskinstance.py:1426} INFO - Exporting the following env vars:
AIRFLOW_CTX_DAG_OWNER=***
AIRFLOW_CTX_DAG_ID=data_ingestion_gcs_dag
AIRFLOW_CTX_TASK_ID=local_to_gcs_task
AIRFLOW_CTX_EXECUTION_DATE=2022-07-11T11:51:04.098843+00:00
AIRFLOW_CTX_DAG_RUN_ID=manual__2022-07-11T11:51:04.098843+00:00
[2022-07-11 11:51:24,733] {python.py:175} INFO - Done. Returned value was: None
[2022-07-11 11:51:24,751] {taskinstance.py:1277} INFO - Marking task as SUCCESS. dag_id=data_ingestion_gcs_dag, task_id=local_to_gcs_task, execution_date=20220711T115104, start_date=20220711T115124, end_date=20220711T115124
[2022-07-11 11:51:24,839] {local_task_job.py:154} INFO - Task exited with return code 0
[2022-07-11 11:51:24,896] {local_task_job.py:264} INFO - 1 downstream tasks scheduled from follow-on schedule check
