[2022-07-12 10:34:37,243] {taskinstance.py:1032} INFO - Dependencies all met for <TaskInstance: data_ingestion_local.download manual__2022-07-12T10:29:33.674461+00:00 [queued]>
[2022-07-12 10:34:37,255] {taskinstance.py:1032} INFO - Dependencies all met for <TaskInstance: data_ingestion_local.download manual__2022-07-12T10:29:33.674461+00:00 [queued]>
[2022-07-12 10:34:37,255] {taskinstance.py:1238} INFO - 
--------------------------------------------------------------------------------
[2022-07-12 10:34:37,256] {taskinstance.py:1239} INFO - Starting attempt 2 of 2
[2022-07-12 10:34:37,256] {taskinstance.py:1240} INFO - 
--------------------------------------------------------------------------------
[2022-07-12 10:34:37,268] {taskinstance.py:1259} INFO - Executing <Task(BashOperator): download> on 2022-07-12 10:29:33.674461+00:00
[2022-07-12 10:34:37,273] {standard_task_runner.py:52} INFO - Started process 5578 to run task
[2022-07-12 10:34:37,276] {standard_task_runner.py:76} INFO - Running: ['***', 'tasks', 'run', 'data_ingestion_local', 'download', 'manual__2022-07-12T10:29:33.674461+00:00', '--job-id', '15', '--raw', '--subdir', 'DAGS_FOLDER/data_ingestion_local_dag.py', '--cfg-path', '/tmp/tmpaigsosv6', '--error-file', '/tmp/tmp3_6mrif4']
[2022-07-12 10:34:37,277] {standard_task_runner.py:77} INFO - Job 15: Subtask download
[2022-07-12 10:34:37,334] {logging_mixin.py:109} INFO - Running <TaskInstance: data_ingestion_local.download manual__2022-07-12T10:29:33.674461+00:00 [running]> on host aff450fe4e0f
[2022-07-12 10:34:37,383] {logging_mixin.py:109} WARNING - /home/***/.local/lib/python3.7/site-packages/***/utils/context.py:152 AirflowContextDeprecationWarning: Accessing 'execution_date' from the template is deprecated and will be removed in a future version. Please use 'data_interval_start' or 'logical_date' instead.
[2022-07-12 10:34:37,401] {taskinstance.py:1426} INFO - Exporting the following env vars:
AIRFLOW_CTX_DAG_OWNER=***
AIRFLOW_CTX_DAG_ID=data_ingestion_local
AIRFLOW_CTX_TASK_ID=download
AIRFLOW_CTX_EXECUTION_DATE=2022-07-12T10:29:33.674461+00:00
AIRFLOW_CTX_DAG_RUN_ID=manual__2022-07-12T10:29:33.674461+00:00
[2022-07-12 10:34:37,402] {subprocess.py:62} INFO - Tmp dir root location: 
 /tmp
[2022-07-12 10:34:37,403] {subprocess.py:74} INFO - Running command: ['bash', '-c', 'echo "2022-07-09T10:29:33.674461+00:00"']
[2022-07-12 10:34:37,419] {subprocess.py:85} INFO - Output:
[2022-07-12 10:34:37,421] {subprocess.py:89} INFO - 2022-07-09T10:29:33.674461+00:00
[2022-07-12 10:34:37,421] {subprocess.py:93} INFO - Command exited with return code 0
[2022-07-12 10:34:37,452] {taskinstance.py:1277} INFO - Marking task as SUCCESS. dag_id=data_ingestion_local, task_id=download, execution_date=20220712T102933, start_date=20220712T103437, end_date=20220712T103437
[2022-07-12 10:34:37,488] {local_task_job.py:154} INFO - Task exited with return code 0
[2022-07-12 10:34:37,531] {local_task_job.py:264} INFO - 1 downstream tasks scheduled from follow-on schedule check
