[2022-07-27 09:34:49,919] {taskinstance.py:1179} INFO - Dependencies all met for <TaskInstance: create_data_warehouse_dag.bg_create_yellow_tripdata_partitioned_table_task manual__2022-07-27T09:34:35.879110+00:00 [queued]>
[2022-07-27 09:34:49,954] {taskinstance.py:1179} INFO - Dependencies all met for <TaskInstance: create_data_warehouse_dag.bg_create_yellow_tripdata_partitioned_table_task manual__2022-07-27T09:34:35.879110+00:00 [queued]>
[2022-07-27 09:34:49,954] {taskinstance.py:1376} INFO - 
--------------------------------------------------------------------------------
[2022-07-27 09:34:49,955] {taskinstance.py:1377} INFO - Starting attempt 1 of 2
[2022-07-27 09:34:49,955] {taskinstance.py:1378} INFO - 
--------------------------------------------------------------------------------
[2022-07-27 09:34:49,985] {taskinstance.py:1397} INFO - Executing <Task(BigQueryInsertJobOperator): bg_create_yellow_tripdata_partitioned_table_task> on 2022-07-27 09:34:35.879110+00:00
[2022-07-27 09:34:49,998] {standard_task_runner.py:52} INFO - Started process 3397 to run task
[2022-07-27 09:34:50,015] {standard_task_runner.py:79} INFO - Running: ['airflow', 'tasks', 'run', 'create_data_warehouse_dag', 'bg_create_yellow_tripdata_partitioned_table_task', 'manual__2022-07-27T09:34:35.879110+00:00', '--job-id', '39', '--raw', '--subdir', 'DAGS_FOLDER/data_warehouse.py', '--cfg-path', '/tmp/tmpezffoy3h', '--error-file', '/tmp/tmp0ggk13jq']
[2022-07-27 09:34:50,017] {standard_task_runner.py:80} INFO - Job 39: Subtask bg_create_yellow_tripdata_partitioned_table_task
[2022-07-27 09:34:50,220] {task_command.py:371} INFO - Running <TaskInstance: create_data_warehouse_dag.bg_create_yellow_tripdata_partitioned_table_task manual__2022-07-27T09:34:35.879110+00:00 [running]> on host 11c7f62524ed
[2022-07-27 09:34:50,520] {taskinstance.py:1591} INFO - Exporting the following env vars:
AIRFLOW_CTX_DAG_OWNER=airflow
AIRFLOW_CTX_DAG_ID=create_data_warehouse_dag
AIRFLOW_CTX_TASK_ID=bg_create_yellow_tripdata_partitioned_table_task
AIRFLOW_CTX_EXECUTION_DATE=2022-07-27T09:34:35.879110+00:00
AIRFLOW_CTX_TRY_NUMBER=1
AIRFLOW_CTX_DAG_RUN_ID=manual__2022-07-27T09:34:35.879110+00:00
[2022-07-27 09:34:50,523] {crypto.py:82} WARNING - empty cryptography key - values will not be stored encrypted.
[2022-07-27 09:34:50,524] {base.py:68} INFO - Using connection ID 'google_cloud_default' for task execution.
[2022-07-27 09:34:50,525] {bigquery.py:2155} INFO - Executing: {'query': {'query': 'CREATE OR REPLACE TABLE trips_data_all.yellow_tripdata                 PARTITION BY DATE(tpep_pickup_datetime)                 AS                 SELECT * FROM trips_data_all.yellow_tripdata_external_table;', 'useLegacySql': False}}
[2022-07-27 09:34:50,556] {bigquery.py:1539} INFO - Inserting job airflow_create_data_warehouse_dag_bg_create_yellow_tripdata_partitioned_table_task_2022_07_27T09_34_35_879110_00_00_3e1f3e6b9d89ea53096e82a368707441
[2022-07-27 09:35:00,651] {taskinstance.py:1420} INFO - Marking task as SUCCESS. dag_id=create_data_warehouse_dag, task_id=bg_create_yellow_tripdata_partitioned_table_task, execution_date=20220727T093435, start_date=20220727T093449, end_date=20220727T093500
[2022-07-27 09:35:00,709] {local_task_job.py:156} INFO - Task exited with return code 0
[2022-07-27 09:35:00,741] {local_task_job.py:273} INFO - 0 downstream tasks scheduled from follow-on schedule check
