[2022-07-27 09:05:24,287] {taskinstance.py:1179} INFO - Dependencies all met for <TaskInstance: create_data_warehouse_dag.move_fhv_tripdata_files_task scheduled__2022-07-26T00:00:00+00:00 [queued]>
[2022-07-27 09:05:24,320] {taskinstance.py:1179} INFO - Dependencies all met for <TaskInstance: create_data_warehouse_dag.move_fhv_tripdata_files_task scheduled__2022-07-26T00:00:00+00:00 [queued]>
[2022-07-27 09:05:24,323] {taskinstance.py:1376} INFO - 
--------------------------------------------------------------------------------
[2022-07-27 09:05:24,323] {taskinstance.py:1377} INFO - Starting attempt 1 of 2
[2022-07-27 09:05:24,323] {taskinstance.py:1378} INFO - 
--------------------------------------------------------------------------------
[2022-07-27 09:05:24,395] {taskinstance.py:1397} INFO - Executing <Task(GCSToGCSOperator): move_fhv_tripdata_files_task> on 2022-07-26 00:00:00+00:00
[2022-07-27 09:05:24,412] {standard_task_runner.py:52} INFO - Started process 1241 to run task
[2022-07-27 09:05:24,421] {standard_task_runner.py:79} INFO - Running: ['airflow', 'tasks', 'run', 'create_data_warehouse_dag', 'move_fhv_tripdata_files_task', 'scheduled__2022-07-26T00:00:00+00:00', '--job-id', '5', '--raw', '--subdir', 'DAGS_FOLDER/data_warehouse.py', '--cfg-path', '/tmp/tmp59ci_vc3', '--error-file', '/tmp/tmppcj8e6t4']
[2022-07-27 09:05:24,423] {standard_task_runner.py:80} INFO - Job 5: Subtask move_fhv_tripdata_files_task
[2022-07-27 09:05:24,656] {task_command.py:371} INFO - Running <TaskInstance: create_data_warehouse_dag.move_fhv_tripdata_files_task scheduled__2022-07-26T00:00:00+00:00 [running]> on host 11c7f62524ed
[2022-07-27 09:05:24,809] {taskinstance.py:1591} INFO - Exporting the following env vars:
AIRFLOW_CTX_DAG_OWNER=airflow
AIRFLOW_CTX_DAG_ID=create_data_warehouse_dag
AIRFLOW_CTX_TASK_ID=move_fhv_tripdata_files_task
AIRFLOW_CTX_EXECUTION_DATE=2022-07-26T00:00:00+00:00
AIRFLOW_CTX_TRY_NUMBER=1
AIRFLOW_CTX_DAG_RUN_ID=scheduled__2022-07-26T00:00:00+00:00
[2022-07-27 09:05:24,811] {crypto.py:82} WARNING - empty cryptography key - values will not be stored encrypted.
[2022-07-27 09:05:24,811] {base.py:68} INFO - Using connection ID 'google_cloud_default' for task execution.
[2022-07-27 09:05:24,812] {gcs_to_gcs.py:243} WARNING - destination_bucket is None. Defaulting it to source_bucket (dtc_data_lake_taxi-data-de-project)
[2022-07-27 09:05:24,812] {gcs_to_gcs.py:367} INFO - Delimiter ignored because wildcard is in prefix
[2022-07-27 09:05:25,778] {taskinstance.py:1420} INFO - Marking task as SUCCESS. dag_id=create_data_warehouse_dag, task_id=move_fhv_tripdata_files_task, execution_date=20220726T000000, start_date=20220727T090524, end_date=20220727T090525
[2022-07-27 09:05:25,839] {local_task_job.py:156} INFO - Task exited with return code 0
[2022-07-27 09:05:25,948] {local_task_job.py:273} INFO - 1 downstream tasks scheduled from follow-on schedule check
