[2022-07-27 09:10:37,655] {taskinstance.py:1179} INFO - Dependencies all met for <TaskInstance: create_data_warehouse_dag.move_green_tripdata_files_task manual__2022-07-27T09:05:20.893380+00:00 [queued]>
[2022-07-27 09:10:37,682] {taskinstance.py:1179} INFO - Dependencies all met for <TaskInstance: create_data_warehouse_dag.move_green_tripdata_files_task manual__2022-07-27T09:05:20.893380+00:00 [queued]>
[2022-07-27 09:10:37,685] {taskinstance.py:1376} INFO - 
--------------------------------------------------------------------------------
[2022-07-27 09:10:37,685] {taskinstance.py:1377} INFO - Starting attempt 1 of 2
[2022-07-27 09:10:37,686] {taskinstance.py:1378} INFO - 
--------------------------------------------------------------------------------
[2022-07-27 09:10:37,766] {taskinstance.py:1397} INFO - Executing <Task(GCSToGCSOperator): move_green_tripdata_files_task> on 2022-07-27 09:05:20.893380+00:00
[2022-07-27 09:10:37,774] {standard_task_runner.py:52} INFO - Started process 1631 to run task
[2022-07-27 09:10:37,782] {standard_task_runner.py:79} INFO - Running: ['airflow', 'tasks', 'run', 'create_data_warehouse_dag', 'move_green_tripdata_files_task', 'manual__2022-07-27T09:05:20.893380+00:00', '--job-id', '14', '--raw', '--subdir', 'DAGS_FOLDER/data_warehouse.py', '--cfg-path', '/tmp/tmpwptma442', '--error-file', '/tmp/tmpiw87skry']
[2022-07-27 09:10:37,784] {standard_task_runner.py:80} INFO - Job 14: Subtask move_green_tripdata_files_task
[2022-07-27 09:10:37,917] {task_command.py:371} INFO - Running <TaskInstance: create_data_warehouse_dag.move_green_tripdata_files_task manual__2022-07-27T09:05:20.893380+00:00 [running]> on host 11c7f62524ed
[2022-07-27 09:10:38,115] {taskinstance.py:1591} INFO - Exporting the following env vars:
AIRFLOW_CTX_DAG_OWNER=airflow
AIRFLOW_CTX_DAG_ID=create_data_warehouse_dag
AIRFLOW_CTX_TASK_ID=move_green_tripdata_files_task
AIRFLOW_CTX_EXECUTION_DATE=2022-07-27T09:05:20.893380+00:00
AIRFLOW_CTX_TRY_NUMBER=1
AIRFLOW_CTX_DAG_RUN_ID=manual__2022-07-27T09:05:20.893380+00:00
[2022-07-27 09:10:38,121] {crypto.py:82} WARNING - empty cryptography key - values will not be stored encrypted.
[2022-07-27 09:10:38,121] {base.py:68} INFO - Using connection ID 'google_cloud_default' for task execution.
[2022-07-27 09:10:38,122] {gcs_to_gcs.py:243} WARNING - destination_bucket is None. Defaulting it to source_bucket (dtc_data_lake_taxi-data-de-project)
[2022-07-27 09:10:38,122] {gcs_to_gcs.py:367} INFO - Delimiter ignored because wildcard is in prefix
[2022-07-27 09:10:38,901] {taskinstance.py:1420} INFO - Marking task as SUCCESS. dag_id=create_data_warehouse_dag, task_id=move_green_tripdata_files_task, execution_date=20220727T090520, start_date=20220727T091037, end_date=20220727T091038
[2022-07-27 09:10:38,968] {local_task_job.py:156} INFO - Task exited with return code 0
[2022-07-27 09:10:39,090] {local_task_job.py:273} INFO - 0 downstream tasks scheduled from follow-on schedule check
