[2022-07-12 11:01:40,948] {taskinstance.py:1032} INFO - Dependencies all met for <TaskInstance: data_ingestion_local.ingest_data manual__2022-07-12T11:01:37.825344+00:00 [queued]>
[2022-07-12 11:01:40,965] {taskinstance.py:1032} INFO - Dependencies all met for <TaskInstance: data_ingestion_local.ingest_data manual__2022-07-12T11:01:37.825344+00:00 [queued]>
[2022-07-12 11:01:40,965] {taskinstance.py:1238} INFO - 
--------------------------------------------------------------------------------
[2022-07-12 11:01:40,965] {taskinstance.py:1239} INFO - Starting attempt 1 of 2
[2022-07-12 11:01:40,966] {taskinstance.py:1240} INFO - 
--------------------------------------------------------------------------------
[2022-07-12 11:01:40,985] {taskinstance.py:1259} INFO - Executing <Task(BashOperator): ingest_data> on 2022-07-12 11:01:37.825344+00:00
[2022-07-12 11:01:40,990] {standard_task_runner.py:52} INFO - Started process 7326 to run task
[2022-07-12 11:01:40,995] {standard_task_runner.py:76} INFO - Running: ['***', 'tasks', 'run', 'data_ingestion_local', 'ingest_data', 'manual__2022-07-12T11:01:37.825344+00:00', '--job-id', '26', '--raw', '--subdir', 'DAGS_FOLDER/data_ingestion_local_dag.py', '--cfg-path', '/tmp/tmpy66pmsq8', '--error-file', '/tmp/tmpafm06k10']
[2022-07-12 11:01:40,996] {standard_task_runner.py:77} INFO - Job 26: Subtask ingest_data
[2022-07-12 11:01:41,087] {logging_mixin.py:109} INFO - Running <TaskInstance: data_ingestion_local.ingest_data manual__2022-07-12T11:01:37.825344+00:00 [running]> on host aff450fe4e0f
[2022-07-12 11:01:41,184] {taskinstance.py:1426} INFO - Exporting the following env vars:
AIRFLOW_CTX_DAG_OWNER=***
AIRFLOW_CTX_DAG_ID=data_ingestion_local
AIRFLOW_CTX_TASK_ID=ingest_data
AIRFLOW_CTX_EXECUTION_DATE=2022-07-12T11:01:37.825344+00:00
AIRFLOW_CTX_DAG_RUN_ID=manual__2022-07-12T11:01:37.825344+00:00
[2022-07-12 11:01:41,185] {subprocess.py:62} INFO - Tmp dir root location: 
 /tmp
[2022-07-12 11:01:41,186] {subprocess.py:74} INFO - Running command: ['bash', '-c', 'echo "This is the ingestion task"']
[2022-07-12 11:01:41,200] {subprocess.py:85} INFO - Output:
[2022-07-12 11:01:41,202] {subprocess.py:89} INFO - This is the ingestion task
[2022-07-12 11:01:41,202] {subprocess.py:93} INFO - Command exited with return code 0
[2022-07-12 11:01:41,255] {taskinstance.py:1277} INFO - Marking task as SUCCESS. dag_id=data_ingestion_local, task_id=ingest_data, execution_date=20220712T110137, start_date=20220712T110140, end_date=20220712T110141
[2022-07-12 11:01:41,291] {local_task_job.py:154} INFO - Task exited with return code 0
[2022-07-12 11:01:41,344] {local_task_job.py:264} INFO - 0 downstream tasks scheduled from follow-on schedule check
