[2022-07-12 19:21:37,145] {taskinstance.py:1179} INFO - Dependencies all met for <TaskInstance: data_ingestion_local.convert_to_csv manual__2022-07-12T19:21:25.781111+00:00 [queued]>
[2022-07-12 19:21:37,164] {taskinstance.py:1179} INFO - Dependencies all met for <TaskInstance: data_ingestion_local.convert_to_csv manual__2022-07-12T19:21:25.781111+00:00 [queued]>
[2022-07-12 19:21:37,164] {taskinstance.py:1376} INFO - 
--------------------------------------------------------------------------------
[2022-07-12 19:21:37,164] {taskinstance.py:1377} INFO - Starting attempt 1 of 2
[2022-07-12 19:21:37,165] {taskinstance.py:1378} INFO - 
--------------------------------------------------------------------------------
[2022-07-12 19:21:37,194] {taskinstance.py:1397} INFO - Executing <Task(PythonOperator): convert_to_csv> on 2022-07-12 19:21:25.781111+00:00
[2022-07-12 19:21:37,202] {standard_task_runner.py:52} INFO - Started process 3188 to run task
[2022-07-12 19:21:37,208] {standard_task_runner.py:79} INFO - Running: ['airflow', 'tasks', 'run', 'data_ingestion_local', 'convert_to_csv', 'manual__2022-07-12T19:21:25.781111+00:00', '--job-id', '10', '--raw', '--subdir', 'DAGS_FOLDER/data_ingestion_local_dag.py', '--cfg-path', '/tmp/tmpx3g9d1pe', '--error-file', '/tmp/tmpw3t1sj4v']
[2022-07-12 19:21:37,209] {standard_task_runner.py:80} INFO - Job 10: Subtask convert_to_csv
[2022-07-12 19:21:37,316] {task_command.py:371} INFO - Running <TaskInstance: data_ingestion_local.convert_to_csv manual__2022-07-12T19:21:25.781111+00:00 [running]> on host 139e0ae5bdf5
[2022-07-12 19:21:37,409] {logging_mixin.py:115} WARNING - /home/airflow/.local/lib/python3.7/site-packages/airflow/utils/context.py:202 AirflowContextDeprecationWarning: Accessing 'execution_date' from the template is deprecated and will be removed in a future version. Please use 'data_interval_start' or 'logical_date' instead.
[2022-07-12 19:21:37,477] {taskinstance.py:1591} INFO - Exporting the following env vars:
AIRFLOW_CTX_DAG_OWNER=airflow
AIRFLOW_CTX_DAG_ID=data_ingestion_local
AIRFLOW_CTX_TASK_ID=convert_to_csv
AIRFLOW_CTX_EXECUTION_DATE=2022-07-12T19:21:25.781111+00:00
AIRFLOW_CTX_TRY_NUMBER=1
AIRFLOW_CTX_DAG_RUN_ID=manual__2022-07-12T19:21:25.781111+00:00
[2022-07-12 19:21:53,513] {logging_mixin.py:115} INFO - creating new csv file /opt/airflow/output_2022-04.csv
[2022-07-12 19:22:29,677] {python.py:173} INFO - Done. Returned value was: None
[2022-07-12 19:22:29,723] {taskinstance.py:1420} INFO - Marking task as SUCCESS. dag_id=data_ingestion_local, task_id=convert_to_csv, execution_date=20220712T192125, start_date=20220712T192137, end_date=20220712T192229
[2022-07-12 19:22:29,790] {local_task_job.py:156} INFO - Task exited with return code 0
[2022-07-12 19:22:29,878] {local_task_job.py:273} INFO - 1 downstream tasks scheduled from follow-on schedule check
