[2022-07-12 02:46:13,909] {taskinstance.py:1032} INFO - Dependencies all met for <TaskInstance: data_ingestion_gcs_dag.local_to_gcs_task scheduled__2022-07-11T00:00:00+00:00 [queued]>
[2022-07-12 02:46:13,948] {taskinstance.py:1032} INFO - Dependencies all met for <TaskInstance: data_ingestion_gcs_dag.local_to_gcs_task scheduled__2022-07-11T00:00:00+00:00 [queued]>
[2022-07-12 02:46:13,948] {taskinstance.py:1238} INFO - 
--------------------------------------------------------------------------------
[2022-07-12 02:46:13,949] {taskinstance.py:1239} INFO - Starting attempt 1 of 2
[2022-07-12 02:46:13,949] {taskinstance.py:1240} INFO - 
--------------------------------------------------------------------------------
[2022-07-12 02:46:14,000] {taskinstance.py:1259} INFO - Executing <Task(PythonOperator): local_to_gcs_task> on 2022-07-11 00:00:00+00:00
[2022-07-12 02:46:14,008] {standard_task_runner.py:52} INFO - Started process 353 to run task
[2022-07-12 02:46:14,017] {standard_task_runner.py:76} INFO - Running: ['***', 'tasks', 'run', 'data_ingestion_gcs_dag', 'local_to_gcs_task', 'scheduled__2022-07-11T00:00:00+00:00', '--job-id', '13', '--raw', '--subdir', 'DAGS_FOLDER/data_ingestion_to_gcs_dag.py', '--cfg-path', '/tmp/tmpzzeu02mb', '--error-file', '/tmp/tmpt8pgggn9']
[2022-07-12 02:46:14,018] {standard_task_runner.py:77} INFO - Job 13: Subtask local_to_gcs_task
[2022-07-12 02:46:14,162] {logging_mixin.py:109} INFO - Running <TaskInstance: data_ingestion_gcs_dag.local_to_gcs_task scheduled__2022-07-11T00:00:00+00:00 [running]> on host 4f99e11ef430
[2022-07-12 02:46:14,336] {taskinstance.py:1426} INFO - Exporting the following env vars:
AIRFLOW_CTX_DAG_OWNER=***
AIRFLOW_CTX_DAG_ID=data_ingestion_gcs_dag
AIRFLOW_CTX_TASK_ID=local_to_gcs_task
AIRFLOW_CTX_EXECUTION_DATE=2022-07-11T00:00:00+00:00
AIRFLOW_CTX_DAG_RUN_ID=scheduled__2022-07-11T00:00:00+00:00
[2022-07-12 02:46:19,783] {python.py:175} INFO - Done. Returned value was: None
[2022-07-12 02:46:19,815] {taskinstance.py:1277} INFO - Marking task as SUCCESS. dag_id=data_ingestion_gcs_dag, task_id=local_to_gcs_task, execution_date=20220711T000000, start_date=20220712T024613, end_date=20220712T024619
[2022-07-12 02:46:19,934] {local_task_job.py:154} INFO - Task exited with return code 0
[2022-07-12 02:46:20,016] {local_task_job.py:264} INFO - 1 downstream tasks scheduled from follow-on schedule check
