[2022-07-12 15:27:05,485] {taskinstance.py:1179} INFO - Dependencies all met for <TaskInstance: data_ingestion_local.ingest_data manual__2022-07-12T15:21:42.770168+00:00 [queued]>
[2022-07-12 15:27:05,498] {taskinstance.py:1179} INFO - Dependencies all met for <TaskInstance: data_ingestion_local.ingest_data manual__2022-07-12T15:21:42.770168+00:00 [queued]>
[2022-07-12 15:27:05,498] {taskinstance.py:1376} INFO - 
--------------------------------------------------------------------------------
[2022-07-12 15:27:05,498] {taskinstance.py:1377} INFO - Starting attempt 2 of 2
[2022-07-12 15:27:05,498] {taskinstance.py:1378} INFO - 
--------------------------------------------------------------------------------
[2022-07-12 15:27:05,515] {taskinstance.py:1397} INFO - Executing <Task(PythonOperator): ingest_data> on 2022-07-12 15:21:42.770168+00:00
[2022-07-12 15:27:05,520] {standard_task_runner.py:52} INFO - Started process 504 to run task
[2022-07-12 15:27:05,523] {standard_task_runner.py:79} INFO - Running: ['airflow', 'tasks', 'run', 'data_ingestion_local', 'ingest_data', 'manual__2022-07-12T15:21:42.770168+00:00', '--job-id', '13', '--raw', '--subdir', 'DAGS_FOLDER/data_ingestion_local_dag.py', '--cfg-path', '/tmp/tmp7rj3u9c0', '--error-file', '/tmp/tmp8zm3bpqg']
[2022-07-12 15:27:05,524] {standard_task_runner.py:80} INFO - Job 13: Subtask ingest_data
[2022-07-12 15:27:05,595] {task_command.py:371} INFO - Running <TaskInstance: data_ingestion_local.ingest_data manual__2022-07-12T15:21:42.770168+00:00 [running]> on host 0ca5e21fb7fb
[2022-07-12 15:27:05,652] {logging_mixin.py:115} WARNING - /home/airflow/.local/lib/python3.7/site-packages/airflow/utils/context.py:202 AirflowContextDeprecationWarning: Accessing 'execution_date' from the template is deprecated and will be removed in a future version. Please use 'data_interval_start' or 'logical_date' instead.
[2022-07-12 15:27:05,704] {taskinstance.py:1591} INFO - Exporting the following env vars:
AIRFLOW_CTX_DAG_OWNER=airflow
AIRFLOW_CTX_DAG_ID=data_ingestion_local
AIRFLOW_CTX_TASK_ID=ingest_data
AIRFLOW_CTX_EXECUTION_DATE=2022-07-12T15:21:42.770168+00:00
AIRFLOW_CTX_TRY_NUMBER=2
AIRFLOW_CTX_DAG_RUN_ID=manual__2022-07-12T15:21:42.770168+00:00
[2022-07-12 15:27:05,706] {logging_mixin.py:115} INFO - *** pass pgdatabase 5432 ny_taxi yellow_taxi_2022_04.parquet /opt/airflow/output_2022-04.parquet
[2022-07-12 15:27:05,706] {logging_mixin.py:115} INFO - Completed
[2022-07-12 15:27:05,706] {python.py:173} INFO - Done. Returned value was: None
[2022-07-12 15:27:05,723] {taskinstance.py:1420} INFO - Marking task as SUCCESS. dag_id=data_ingestion_local, task_id=ingest_data, execution_date=20220712T152142, start_date=20220712T152705, end_date=20220712T152705
[2022-07-12 15:27:05,775] {local_task_job.py:156} INFO - Task exited with return code 0
[2022-07-12 15:27:05,812] {local_task_job.py:273} INFO - 0 downstream tasks scheduled from follow-on schedule check
