[2022-07-12 15:56:23,707] {taskinstance.py:1179} INFO - Dependencies all met for <TaskInstance: data_ingestion_local.download manual__2022-07-12T15:56:21.711091+00:00 [queued]>
[2022-07-12 15:56:23,722] {taskinstance.py:1179} INFO - Dependencies all met for <TaskInstance: data_ingestion_local.download manual__2022-07-12T15:56:21.711091+00:00 [queued]>
[2022-07-12 15:56:23,723] {taskinstance.py:1376} INFO - 
--------------------------------------------------------------------------------
[2022-07-12 15:56:23,723] {taskinstance.py:1377} INFO - Starting attempt 1 of 2
[2022-07-12 15:56:23,723] {taskinstance.py:1378} INFO - 
--------------------------------------------------------------------------------
[2022-07-12 15:56:23,743] {taskinstance.py:1397} INFO - Executing <Task(BashOperator): download> on 2022-07-12 15:56:21.711091+00:00
[2022-07-12 15:56:23,748] {standard_task_runner.py:52} INFO - Started process 2214 to run task
[2022-07-12 15:56:23,756] {standard_task_runner.py:79} INFO - Running: ['airflow', 'tasks', 'run', 'data_ingestion_local', 'download', 'manual__2022-07-12T15:56:21.711091+00:00', '--job-id', '16', '--raw', '--subdir', 'DAGS_FOLDER/data_ingestion_local_dag.py', '--cfg-path', '/tmp/tmp4uu2pfbo', '--error-file', '/tmp/tmpro7htaux']
[2022-07-12 15:56:23,757] {standard_task_runner.py:80} INFO - Job 16: Subtask download
[2022-07-12 15:56:23,873] {task_command.py:371} INFO - Running <TaskInstance: data_ingestion_local.download manual__2022-07-12T15:56:21.711091+00:00 [running]> on host 0ca5e21fb7fb
[2022-07-12 15:56:23,971] {logging_mixin.py:115} WARNING - /home/airflow/.local/lib/python3.7/site-packages/airflow/utils/context.py:202 AirflowContextDeprecationWarning: Accessing 'execution_date' from the template is deprecated and will be removed in a future version. Please use 'data_interval_start' or 'logical_date' instead.
[2022-07-12 15:56:24,091] {taskinstance.py:1591} INFO - Exporting the following env vars:
AIRFLOW_CTX_DAG_OWNER=airflow
AIRFLOW_CTX_DAG_ID=data_ingestion_local
AIRFLOW_CTX_TASK_ID=download
AIRFLOW_CTX_EXECUTION_DATE=2022-07-12T15:56:21.711091+00:00
AIRFLOW_CTX_TRY_NUMBER=1
AIRFLOW_CTX_DAG_RUN_ID=manual__2022-07-12T15:56:21.711091+00:00
[2022-07-12 15:56:24,093] {subprocess.py:62} INFO - Tmp dir *** location: 
 /tmp
[2022-07-12 15:56:24,094] {subprocess.py:74} INFO - Running command: ['bash', '-c', 'curl -sSL https://d37ci6vzurychx.cloudfront.net/trip-data/yellow_tripdata_2022-04.parquet > /opt/airflow/output_2022-04.parquet']
[2022-07-12 15:56:24,113] {subprocess.py:85} INFO - Output:
[2022-07-12 15:56:31,930] {subprocess.py:96} INFO - Command exited with return code 0
[2022-07-12 15:56:31,993] {taskinstance.py:1420} INFO - Marking task as SUCCESS. dag_id=data_ingestion_local, task_id=download, execution_date=20220712T155621, start_date=20220712T155623, end_date=20220712T155631
[2022-07-12 15:56:32,050] {local_task_job.py:156} INFO - Task exited with return code 0
[2022-07-12 15:56:32,097] {local_task_job.py:273} INFO - 1 downstream tasks scheduled from follow-on schedule check
