[2022-07-11 11:51:18,722] {taskinstance.py:1032} INFO - Dependencies all met for <TaskInstance: data_ingestion_gcs_dag.download_dataset_task manual__2022-07-11T11:51:04.098843+00:00 [queued]>
[2022-07-11 11:51:18,732] {taskinstance.py:1032} INFO - Dependencies all met for <TaskInstance: data_ingestion_gcs_dag.download_dataset_task manual__2022-07-11T11:51:04.098843+00:00 [queued]>
[2022-07-11 11:51:18,732] {taskinstance.py:1238} INFO - 
--------------------------------------------------------------------------------
[2022-07-11 11:51:18,732] {taskinstance.py:1239} INFO - Starting attempt 1 of 2
[2022-07-11 11:51:18,732] {taskinstance.py:1240} INFO - 
--------------------------------------------------------------------------------
[2022-07-11 11:51:18,744] {taskinstance.py:1259} INFO - Executing <Task(BashOperator): download_dataset_task> on 2022-07-11 11:51:04.098843+00:00
[2022-07-11 11:51:18,749] {standard_task_runner.py:52} INFO - Started process 980 to run task
[2022-07-11 11:51:18,752] {standard_task_runner.py:76} INFO - Running: ['***', 'tasks', 'run', 'data_ingestion_gcs_dag', 'download_dataset_task', 'manual__2022-07-11T11:51:04.098843+00:00', '--job-id', '6', '--raw', '--subdir', 'DAGS_FOLDER/data_ingestion_to_gcs_dag.py', '--cfg-path', '/tmp/tmpn8vhm65u', '--error-file', '/tmp/tmp93qlqea0']
[2022-07-11 11:51:18,753] {standard_task_runner.py:77} INFO - Job 6: Subtask download_dataset_task
[2022-07-11 11:51:18,816] {logging_mixin.py:109} INFO - Running <TaskInstance: data_ingestion_gcs_dag.download_dataset_task manual__2022-07-11T11:51:04.098843+00:00 [running]> on host 507aac0e66bb
[2022-07-11 11:51:18,875] {taskinstance.py:1426} INFO - Exporting the following env vars:
AIRFLOW_CTX_DAG_OWNER=***
AIRFLOW_CTX_DAG_ID=data_ingestion_gcs_dag
AIRFLOW_CTX_TASK_ID=download_dataset_task
AIRFLOW_CTX_EXECUTION_DATE=2022-07-11T11:51:04.098843+00:00
AIRFLOW_CTX_DAG_RUN_ID=manual__2022-07-11T11:51:04.098843+00:00
[2022-07-11 11:51:18,876] {subprocess.py:62} INFO - Tmp dir root location: 
 /tmp
[2022-07-11 11:51:18,877] {subprocess.py:74} INFO - Running command: ['bash', '-c', 'curl -sSL https://s3.amazonaws.com/nyc-tlc/csv_backup/yellow_tripdata_2021-01.csv > /opt/***/yellow_tripdata_2021-01.csv']
[2022-07-11 11:51:18,887] {subprocess.py:85} INFO - Output:
[2022-07-11 11:51:20,011] {subprocess.py:93} INFO - Command exited with return code 0
[2022-07-11 11:51:20,039] {taskinstance.py:1277} INFO - Marking task as SUCCESS. dag_id=data_ingestion_gcs_dag, task_id=download_dataset_task, execution_date=20220711T115104, start_date=20220711T115118, end_date=20220711T115120
[2022-07-11 11:51:20,089] {local_task_job.py:154} INFO - Task exited with return code 0
[2022-07-11 11:51:20,156] {local_task_job.py:264} INFO - 1 downstream tasks scheduled from follow-on schedule check
