[2022-07-12 04:23:38,874] {taskinstance.py:1032} INFO - Dependencies all met for <TaskInstance: data_ingestion_local.ingest manual__2022-07-12T04:23:36.488055+00:00 [queued]>
[2022-07-12 04:23:38,896] {taskinstance.py:1032} INFO - Dependencies all met for <TaskInstance: data_ingestion_local.ingest manual__2022-07-12T04:23:36.488055+00:00 [queued]>
[2022-07-12 04:23:38,896] {taskinstance.py:1238} INFO - 
--------------------------------------------------------------------------------
[2022-07-12 04:23:38,896] {taskinstance.py:1239} INFO - Starting attempt 1 of 2
[2022-07-12 04:23:38,896] {taskinstance.py:1240} INFO - 
--------------------------------------------------------------------------------
[2022-07-12 04:23:38,916] {taskinstance.py:1259} INFO - Executing <Task(BashOperator): ingest> on 2022-07-12 04:23:36.488055+00:00
[2022-07-12 04:23:38,920] {standard_task_runner.py:52} INFO - Started process 399 to run task
[2022-07-12 04:23:38,924] {standard_task_runner.py:76} INFO - Running: ['***', 'tasks', 'run', 'data_ingestion_local', 'ingest', 'manual__2022-07-12T04:23:36.488055+00:00', '--job-id', '3', '--raw', '--subdir', 'DAGS_FOLDER/data_ingestion_local_dag.py', '--cfg-path', '/tmp/tmptcgw3v62', '--error-file', '/tmp/tmphesm_07a']
[2022-07-12 04:23:38,925] {standard_task_runner.py:77} INFO - Job 3: Subtask ingest
[2022-07-12 04:23:39,009] {logging_mixin.py:109} INFO - Running <TaskInstance: data_ingestion_local.ingest manual__2022-07-12T04:23:36.488055+00:00 [running]> on host aff450fe4e0f
[2022-07-12 04:23:39,080] {taskinstance.py:1426} INFO - Exporting the following env vars:
AIRFLOW_CTX_DAG_OWNER=***
AIRFLOW_CTX_DAG_ID=data_ingestion_local
AIRFLOW_CTX_TASK_ID=ingest
AIRFLOW_CTX_EXECUTION_DATE=2022-07-12T04:23:36.488055+00:00
AIRFLOW_CTX_DAG_RUN_ID=manual__2022-07-12T04:23:36.488055+00:00
[2022-07-12 04:23:39,082] {subprocess.py:62} INFO - Tmp dir root location: 
 /tmp
[2022-07-12 04:23:39,083] {subprocess.py:74} INFO - Running command: ['bash', '-c', 'echo "This is the ingestion task"']
[2022-07-12 04:23:39,092] {subprocess.py:85} INFO - Output:
[2022-07-12 04:23:39,094] {subprocess.py:89} INFO - This is the ingestion task
[2022-07-12 04:23:39,095] {subprocess.py:93} INFO - Command exited with return code 0
[2022-07-12 04:23:39,132] {taskinstance.py:1277} INFO - Marking task as SUCCESS. dag_id=data_ingestion_local, task_id=ingest, execution_date=20220712T042336, start_date=20220712T042338, end_date=20220712T042339
[2022-07-12 04:23:39,179] {local_task_job.py:154} INFO - Task exited with return code 0
[2022-07-12 04:23:39,230] {local_task_job.py:264} INFO - 0 downstream tasks scheduled from follow-on schedule check
