[2022-07-12 19:51:18,319] {taskinstance.py:1179} INFO - Dependencies all met for <TaskInstance: data_ingestion_local.convert_to_csv manual__2022-07-12T19:50:00.028583+00:00 [queued]>
[2022-07-12 19:51:18,347] {taskinstance.py:1179} INFO - Dependencies all met for <TaskInstance: data_ingestion_local.convert_to_csv manual__2022-07-12T19:50:00.028583+00:00 [queued]>
[2022-07-12 19:51:18,347] {taskinstance.py:1376} INFO - 
--------------------------------------------------------------------------------
[2022-07-12 19:51:18,347] {taskinstance.py:1377} INFO - Starting attempt 2 of 2
[2022-07-12 19:51:18,347] {taskinstance.py:1378} INFO - 
--------------------------------------------------------------------------------
[2022-07-12 19:51:18,389] {taskinstance.py:1397} INFO - Executing <Task(PythonOperator): convert_to_csv> on 2022-07-12 19:50:00.028583+00:00
[2022-07-12 19:51:18,396] {standard_task_runner.py:52} INFO - Started process 184 to run task
[2022-07-12 19:51:18,402] {standard_task_runner.py:79} INFO - Running: ['airflow', 'tasks', 'run', 'data_ingestion_local', 'convert_to_csv', 'manual__2022-07-12T19:50:00.028583+00:00', '--job-id', '18', '--raw', '--subdir', 'DAGS_FOLDER/data_ingestion_local_dag.py', '--cfg-path', '/tmp/tmp9goxsvh4', '--error-file', '/tmp/tmpi8h2sxkx']
[2022-07-12 19:51:18,403] {standard_task_runner.py:80} INFO - Job 18: Subtask convert_to_csv
[2022-07-12 19:51:18,678] {task_command.py:371} INFO - Running <TaskInstance: data_ingestion_local.convert_to_csv manual__2022-07-12T19:50:00.028583+00:00 [running]> on host 139e0ae5bdf5
[2022-07-12 19:51:18,935] {logging_mixin.py:115} WARNING - /home/airflow/.local/lib/python3.7/site-packages/airflow/utils/context.py:202 AirflowContextDeprecationWarning: Accessing 'execution_date' from the template is deprecated and will be removed in a future version. Please use 'data_interval_start' or 'logical_date' instead.
[2022-07-12 19:51:19,125] {taskinstance.py:1591} INFO - Exporting the following env vars:
AIRFLOW_CTX_DAG_OWNER=airflow
AIRFLOW_CTX_DAG_ID=data_ingestion_local
AIRFLOW_CTX_TASK_ID=convert_to_csv
AIRFLOW_CTX_EXECUTION_DATE=2022-07-12T19:50:00.028583+00:00
AIRFLOW_CTX_TRY_NUMBER=2
AIRFLOW_CTX_DAG_RUN_ID=manual__2022-07-12T19:50:00.028583+00:00
[2022-07-12 19:51:56,768] {logging_mixin.py:115} INFO - creating new csv file /opt/airflow/output_2022-04.csv
