[2022-07-12 21:02:29,410] {taskinstance.py:1179} INFO - Dependencies all met for <TaskInstance: data_ingestion_local.ingest_data manual__2022-07-12T21:02:15.327913+00:00 [queued]>
[2022-07-12 21:02:29,426] {taskinstance.py:1179} INFO - Dependencies all met for <TaskInstance: data_ingestion_local.ingest_data manual__2022-07-12T21:02:15.327913+00:00 [queued]>
[2022-07-12 21:02:29,426] {taskinstance.py:1376} INFO - 
--------------------------------------------------------------------------------
[2022-07-12 21:02:29,427] {taskinstance.py:1377} INFO - Starting attempt 1 of 2
[2022-07-12 21:02:29,427] {taskinstance.py:1378} INFO - 
--------------------------------------------------------------------------------
[2022-07-12 21:02:29,451] {taskinstance.py:1397} INFO - Executing <Task(PythonOperator): ingest_data> on 2022-07-12 21:02:15.327913+00:00
[2022-07-12 21:02:29,457] {standard_task_runner.py:52} INFO - Started process 3679 to run task
[2022-07-12 21:02:29,460] {standard_task_runner.py:79} INFO - Running: ['airflow', 'tasks', 'run', 'data_ingestion_local', 'ingest_data', 'manual__2022-07-12T21:02:15.327913+00:00', '--job-id', '38', '--raw', '--subdir', 'DAGS_FOLDER/data_ingestion_local_dag.py', '--cfg-path', '/tmp/tmp_eus7w0_', '--error-file', '/tmp/tmp2e3uhcp8']
[2022-07-12 21:02:29,461] {standard_task_runner.py:80} INFO - Job 38: Subtask ingest_data
[2022-07-12 21:02:29,570] {task_command.py:371} INFO - Running <TaskInstance: data_ingestion_local.ingest_data manual__2022-07-12T21:02:15.327913+00:00 [running]> on host 139e0ae5bdf5
[2022-07-12 21:02:29,655] {logging_mixin.py:115} WARNING - /home/airflow/.local/lib/python3.7/site-packages/airflow/utils/context.py:202 AirflowContextDeprecationWarning: Accessing 'execution_date' from the template is deprecated and will be removed in a future version. Please use 'data_interval_start' or 'logical_date' instead.
[2022-07-12 21:02:29,719] {taskinstance.py:1591} INFO - Exporting the following env vars:
AIRFLOW_CTX_DAG_OWNER=airflow
AIRFLOW_CTX_DAG_ID=data_ingestion_local
AIRFLOW_CTX_TASK_ID=ingest_data
AIRFLOW_CTX_EXECUTION_DATE=2022-07-12T21:02:15.327913+00:00
AIRFLOW_CTX_TRY_NUMBER=1
AIRFLOW_CTX_DAG_RUN_ID=manual__2022-07-12T21:02:15.327913+00:00
[2022-07-12 21:02:29,721] {logging_mixin.py:115} INFO - *** *** pgdatabase 5432 ny_taxi yellow_taxi_2022_04 /opt/airflow/output_2022-04.parquet
[2022-07-12 21:02:29,721] {logging_mixin.py:115} INFO - user is ***
[2022-07-12 21:03:25,337] {logging_mixin.py:115} INFO - creating new csv file /opt/airflow/output_2022-04.csv
[2022-07-12 21:03:25,781] {logging_mixin.py:115} INFO - Creating new connection
[2022-07-12 21:03:25,790] {logging_mixin.py:115} INFO - Connection successfully
[2022-07-12 21:04:06,814] {logging_mixin.py:115} INFO - Insert another chunk, took 18.358 seconds
[2022-07-12 21:04:26,849] {logging_mixin.py:115} INFO - Insert another chunk, took 19.666 seconds
[2022-07-12 21:04:45,591] {logging_mixin.py:115} INFO - Insert another chunk, took 18.347 seconds
[2022-07-12 21:05:05,181] {logging_mixin.py:115} INFO - Insert another chunk, took 19.225 seconds
[2022-07-12 21:05:24,018] {logging_mixin.py:115} INFO - Insert another chunk, took 18.428 seconds
[2022-07-12 21:05:38,804] {logging_mixin.py:115} INFO - Insert another chunk, took 14.492 seconds
[2022-07-12 21:05:53,768] {logging_mixin.py:115} INFO - Insert another chunk, took 14.689 seconds
[2022-07-12 21:06:09,621] {logging_mixin.py:115} INFO - Insert another chunk, took 15.567 seconds
[2022-07-12 21:06:24,511] {logging_mixin.py:115} INFO - Insert another chunk, took 14.605 seconds
[2022-07-12 21:06:39,131] {logging_mixin.py:115} INFO - Insert another chunk, took 14.326 seconds
[2022-07-12 21:06:54,495] {logging_mixin.py:115} INFO - Insert another chunk, took 15.071 seconds
[2022-07-12 21:07:09,515] {logging_mixin.py:115} INFO - Insert another chunk, took 14.743 seconds
[2022-07-12 21:07:24,765] {logging_mixin.py:115} INFO - Insert another chunk, took 14.940 seconds
[2022-07-12 21:07:39,838] {logging_mixin.py:115} INFO - Insert another chunk, took 14.749 seconds
[2022-07-12 21:07:54,842] {logging_mixin.py:115} INFO - Insert another chunk, took 14.709 seconds
[2022-07-12 21:08:09,928] {logging_mixin.py:115} INFO - Insert another chunk, took 14.802 seconds
[2022-07-12 21:08:25,997] {logging_mixin.py:115} INFO - Insert another chunk, took 15.666 seconds
[2022-07-12 21:08:40,921] {logging_mixin.py:115} INFO - Insert another chunk, took 14.635 seconds
[2022-07-12 21:08:56,186] {logging_mixin.py:115} INFO - Insert another chunk, took 14.936 seconds
[2022-07-12 21:09:11,418] {logging_mixin.py:115} INFO - Insert another chunk, took 14.926 seconds
[2022-07-12 21:09:26,512] {logging_mixin.py:115} INFO - Insert another chunk, took 14.808 seconds
[2022-07-12 21:09:41,747] {logging_mixin.py:115} INFO - Insert another chunk, took 14.958 seconds
[2022-07-12 21:10:00,319] {logging_mixin.py:115} INFO - Insert another chunk, took 18.287 seconds
[2022-07-12 21:10:15,112] {logging_mixin.py:115} INFO - Insert another chunk, took 14.514 seconds
[2022-07-12 21:10:30,645] {logging_mixin.py:115} INFO - Insert another chunk, took 15.215 seconds
[2022-07-12 21:10:45,598] {logging_mixin.py:115} INFO - Insert another chunk, took 14.650 seconds
[2022-07-12 21:11:00,641] {logging_mixin.py:115} INFO - Insert another chunk, took 14.696 seconds
[2022-07-12 21:11:15,287] {logging_mixin.py:115} INFO - Insert another chunk, took 14.356 seconds
[2022-07-12 21:11:30,476] {logging_mixin.py:115} INFO - Insert another chunk, took 14.888 seconds
[2022-07-12 21:11:45,412] {logging_mixin.py:115} INFO - Insert another chunk, took 14.655 seconds
[2022-07-12 21:12:00,856] {logging_mixin.py:115} INFO - Insert another chunk, took 15.109 seconds
[2022-07-12 21:12:16,280] {logging_mixin.py:115} INFO - Insert another chunk, took 15.142 seconds
[2022-07-12 21:12:32,246] {logging_mixin.py:115} INFO - Insert another chunk, took 15.604 seconds
[2022-07-12 21:12:32,508] {logging_mixin.py:115} WARNING - /home/airflow/.local/lib/python3.7/site-packages/airflow/operators/python.py:171 DtypeWarning: Columns (6) have mixed types.Specify dtype option on import or set low_memory=False.
[2022-07-12 21:12:46,821] {logging_mixin.py:115} INFO - Insert another chunk, took 14.298 seconds
[2022-07-12 21:13:00,576] {logging_mixin.py:115} INFO - Insert another chunk, took 13.478 seconds
[2022-07-12 21:13:00,576] {logging_mixin.py:115} INFO - Completed
[2022-07-12 21:13:00,576] {python.py:173} INFO - Done. Returned value was: None
[2022-07-12 21:13:00,593] {taskinstance.py:1420} INFO - Marking task as SUCCESS. dag_id=data_ingestion_local, task_id=ingest_data, execution_date=20220712T210215, start_date=20220712T210229, end_date=20220712T211300
[2022-07-12 21:13:00,767] {local_task_job.py:156} INFO - Task exited with return code 0
[2022-07-12 21:13:00,810] {local_task_job.py:273} INFO - 0 downstream tasks scheduled from follow-on schedule check
