[2022-07-12 02:46:04,102] {taskinstance.py:1032} INFO - Dependencies all met for <TaskInstance: data_ingestion_gcs_dag.download_dataset_task scheduled__2022-07-11T00:00:00+00:00 [queued]>
[2022-07-12 02:46:04,176] {taskinstance.py:1032} INFO - Dependencies all met for <TaskInstance: data_ingestion_gcs_dag.download_dataset_task scheduled__2022-07-11T00:00:00+00:00 [queued]>
[2022-07-12 02:46:04,176] {taskinstance.py:1238} INFO - 
--------------------------------------------------------------------------------
[2022-07-12 02:46:04,177] {taskinstance.py:1239} INFO - Starting attempt 1 of 2
[2022-07-12 02:46:04,177] {taskinstance.py:1240} INFO - 
--------------------------------------------------------------------------------
[2022-07-12 02:46:04,242] {taskinstance.py:1259} INFO - Executing <Task(BashOperator): download_dataset_task> on 2022-07-11 00:00:00+00:00
[2022-07-12 02:46:04,250] {standard_task_runner.py:52} INFO - Started process 244 to run task
[2022-07-12 02:46:04,263] {standard_task_runner.py:76} INFO - Running: ['***', 'tasks', 'run', 'data_ingestion_gcs_dag', 'download_dataset_task', 'scheduled__2022-07-11T00:00:00+00:00', '--job-id', '12', '--raw', '--subdir', 'DAGS_FOLDER/data_ingestion_to_gcs_dag.py', '--cfg-path', '/tmp/tmpaler4yl1', '--error-file', '/tmp/tmphpcrcif_']
[2022-07-12 02:46:04,265] {standard_task_runner.py:77} INFO - Job 12: Subtask download_dataset_task
[2022-07-12 02:46:04,445] {logging_mixin.py:109} INFO - Running <TaskInstance: data_ingestion_gcs_dag.download_dataset_task scheduled__2022-07-11T00:00:00+00:00 [running]> on host 4f99e11ef430
[2022-07-12 02:46:04,591] {taskinstance.py:1426} INFO - Exporting the following env vars:
AIRFLOW_CTX_DAG_OWNER=***
AIRFLOW_CTX_DAG_ID=data_ingestion_gcs_dag
AIRFLOW_CTX_TASK_ID=download_dataset_task
AIRFLOW_CTX_EXECUTION_DATE=2022-07-11T00:00:00+00:00
AIRFLOW_CTX_DAG_RUN_ID=scheduled__2022-07-11T00:00:00+00:00
[2022-07-12 02:46:04,592] {subprocess.py:62} INFO - Tmp dir root location: 
 /tmp
[2022-07-12 02:46:04,593] {subprocess.py:74} INFO - Running command: ['bash', '-c', 'curl -sSL https://d37ci6vzurychx.cloudfront.net/trip-data/yellow_tripdata_2021-01.parquet > /opt/***/yellow_tripdata_2021-01.parquet']
[2022-07-12 02:46:04,626] {subprocess.py:85} INFO - Output:
[2022-07-12 02:46:09,456] {subprocess.py:93} INFO - Command exited with return code 0
[2022-07-12 02:46:09,760] {taskinstance.py:1277} INFO - Marking task as SUCCESS. dag_id=data_ingestion_gcs_dag, task_id=download_dataset_task, execution_date=20220711T000000, start_date=20220712T024604, end_date=20220712T024609
[2022-07-12 02:46:09,871] {local_task_job.py:154} INFO - Task exited with return code 0
[2022-07-12 02:46:09,956] {local_task_job.py:264} INFO - 1 downstream tasks scheduled from follow-on schedule check
